current directory: /home/adam/.dotfiles/nvim/.local/share/nvim/mason/staging/ruby-lsp/gems/rbs-3.9.2/ext/rbs_extension
/usr/bin/ruby extconf.rb
checking for whether -std=gnu99 is accepted as CFLAGS... yes
creating Makefile

current directory: /home/adam/.dotfiles/nvim/.local/share/nvim/mason/staging/ruby-lsp/gems/rbs-3.9.2/ext/rbs_extension
make DESTDIR\= sitearchdir\=./.gem.20250426-1872293-dvjuhj sitelibdir\=./.gem.20250426-1872293-dvjuhj clean

current directory: /home/adam/.dotfiles/nvim/.local/share/nvim/mason/staging/ruby-lsp/gems/rbs-3.9.2/ext/rbs_extension
make DESTDIR\= sitearchdir\=./.gem.20250426-1872293-dvjuhj sitelibdir\=./.gem.20250426-1872293-dvjuhj
compiling ./../../src/constants.c
compiling ./../../src/ruby_objs.c
compiling ./../../src/util/rbs_constant_pool.c
compiling lexer.c
compiling lexstate.c
compiling location.c
compiling main.c
compiling parser.c
compiling parserstate.c
compiling unescape.c
linking shared-object rbs_extension.so

current directory: /home/adam/.dotfiles/nvim/.local/share/nvim/mason/staging/ruby-lsp/gems/rbs-3.9.2/ext/rbs_extension
make DESTDIR\= sitearchdir\=./.gem.20250426-1872293-dvjuhj sitelibdir\=./.gem.20250426-1872293-dvjuhj install
/usr/bin/install -c -m 0755 rbs_extension.so ./.gem.20250426-1872293-dvjuhj

current directory: /home/adam/.dotfiles/nvim/.local/share/nvim/mason/staging/ruby-lsp/gems/rbs-3.9.2/ext/rbs_extension
make DESTDIR\= sitearchdir\=./.gem.20250426-1872293-dvjuhj sitelibdir\=./.gem.20250426-1872293-dvjuhj clean
