[09:30:01.977][info] [#0:/home/adam/.dotfiles/nvim/.local/share/nvim/mason/packages/lua-language-server/libexec/main.lua:68]: Lua Lsp startup, root: 	/home/adam/.dotfiles/nvim/.local/share/nvim/mason/packages/lua-language-server/libexec
[09:30:01.978][info] [#0:/home/adam/.dotfiles/nvim/.local/share/nvim/mason/packages/lua-language-server/libexec/main.lua:69]: ROOT:	/home/adam/.dotfiles/nvim/.local/share/nvim/mason/packages/lua-language-server/libexec
[09:30:01.978][info] [#0:/home/adam/.dotfiles/nvim/.local/share/nvim/mason/packages/lua-language-server/libexec/main.lua:70]: LOGPATH:	/home/adam/.dotfiles/nvim/.local/share/nvim/mason/packages/lua-language-server/libexec/log
[09:30:01.978][info] [#0:/home/adam/.dotfiles/nvim/.local/share/nvim/mason/packages/lua-language-server/libexec/main.lua:71]: METAPATH:	/home/adam/.dotfiles/nvim/.local/share/nvim/mason/packages/lua-language-server/libexec/meta
[09:30:01.978][info] [#0:/home/adam/.dotfiles/nvim/.local/share/nvim/mason/packages/lua-language-server/libexec/main.lua:72]: VERSION:	3.14.0
[09:30:01.990][info] [#0:script/proto/proto.lua:260]: Listen Mode: stdio
[09:30:01.990][info] [#0:script/service/service.lua:145]: 
========= Medical Examination Report =========
    --------------- Memory ---------------
        Total: 2.264 MB
        # 00 : 2.264 MB
        # 01 : 0.000 MB
        # 02 : 0.000 MB
        # 03 : 0.000 MB
        # 04 : 0.000 MB
    --------------- Coroutine ---------------
        Total:     0
        Running:   0
        Suspended: 0
        Normal:    0
        Dead:      0
    --------------- Cache ---------------
        Total: 1
        Dead:  0
    ---------------  RPC  ---------------
        Holdon:   0
        Waiting:  0
==============================================
[09:30:02.092][info] [#0:script/client.lua:657]: Client init	{
  capabilities = {
    general = {
      positionEncodings = { "utf-8", "utf-16", "utf-32" }
    },
    textDocument = {
      callHierarchy = {
        dynamicRegistration = false
      },
      codeAction = {
        codeActionLiteralSupport = {
          codeActionKind = {
            valueSet = { "", "quickfix", "refactor", "refactor.extract", "refactor.inline", "refactor.rewrite", "source", "source.organizeImports" }
          }
        },
        dataSupport = true,
        dynamicRegistration = true,
        isPreferredSupport = true,
        resolveSupport = {
          properties = { "edit", "command" }
        }
      },
      codeLens = {
        dynamicRegistration = false,
        resolveSupport = {
          properties = { "command" }
        }
      },
      completion = {
        completionItem = {
          commitCharactersSupport = false,
          deprecatedSupport = true,
          documentationFormat = { "markdown", "plaintext" },
          insertReplaceSupport = true,
          insertTextModeSupport = {
            valueSet = { 1 }
          },
          labelDetailsSupport = true,
          preselectSupport = false,
          resolveSupport = {
            properties = { "documentation", "detail", "additionalTextEdits", "command", "data" }
          },
          snippetSupport = true,
          tagSupport = {
            valueSet = { 1 }
          }
        },
        completionItemKind = {
          valueSet = { 1, 2, 3, 4, 5, 6, 7, 8, 9, 10, 11, 12, 13, 14, 15, 16, 17, 18, 19, 20, 21, 22, 23, 24, 25 }
        },
        completionList = {
          itemDefaults = { "commitCharacters", "editRange", "insertTextFormat", "insertTextMode", "data" }
        },
        contextSupport = true,
        dynamicRegistration = false,
        insertTextMode = 1
      },
      declaration = {
        linkSupport = true
      },
      definition = {
        dynamicRegistration = true,
        linkSupport = true
      },
      diagnostic = {
        dynamicRegistration = false
      },
      documentHighlight = {
        dynamicRegistration = false
      },
      documentSymbol = {
        dynamicRegistration = false,
        hierarchicalDocumentSymbolSupport = true,
        symbolKind = {
          valueSet = { 1, 2, 3, 4, 5, 6, 7, 8, 9, 10, 11, 12, 13, 14, 15, 16, 17, 18, 19, 20, 21, 22, 23, 24, 25, 26 }
        }
      },
      foldingRange = {
        dynamicRegistration = false,
        foldingRange = {
          collapsedText = true
        },
        lineFoldingOnly = true
      },
      formatting = {
        dynamicRegistration = true
      },
      hover = {
        contentFormat = { "markdown", "plaintext" },
        dynamicRegistration = true
      },
      implementation = {
        linkSupport = true
      },
      inlayHint = {
        dynamicRegistration = true,
        resolveSupport = {
          properties = { "textEdits", "tooltip", "location", "command" }
        }
      },
      publishDiagnostics = {
        dataSupport = true,
        relatedInformation = true,
        tagSupport = {
          valueSet = { 1, 2 }
        }
      },
      rangeFormatting = {
        dynamicRegistration = true,
        rangesSupport = true
      },
      references = {
        dynamicRegistration = false
      },
      rename = {
        dynamicRegistration = true,
        prepareSupport = true
      },
      semanticTokens = {
        augmentsSyntaxTokens = true,
        dynamicRegistration = false,
        formats = { "relative" },
        multilineTokenSupport = false,
        overlappingTokenSupport = true,
        requests = {
          full = {
            delta = true
          },
          range = false
        },
        serverCancelSupport = false,
        tokenModifiers = { "declaration", "definition", "readonly", "static", "deprecated", "abstract", "async", "modification", "documentation", "defaultLibrary" },
        tokenTypes = { "namespace", "type", "class", "enum", "interface", "struct", "typeParameter", "parameter", "variable", "property", "enumMember", "event", "function", "method", "macro", "keyword", "modifier", "comment", "string", "number", "regexp", "operator", "decorator" }
      },
      signatureHelp = {
        dynamicRegistration = false,
        signatureInformation = {
          activeParameterSupport = true,
          documentationFormat = { "markdown", "plaintext" },
          parameterInformation = {
            labelOffsetSupport = true
          }
        }
      },
      synchronization = {
        didSave = true,
        dynamicRegistration = false,
        willSave = true,
        willSaveWaitUntil = true
      },
      typeDefinition = {
        linkSupport = true
      }
    },
    window = {
      showDocument = {
        support = true
      },
      showMessage = {
        messageActionItem = {
          additionalPropertiesSupport = true
        }
      },
      workDoneProgress = true
    },
    workspace = {
      applyEdit = true,
      configuration = true,
      didChangeConfiguration = {
        dynamicRegistration = false
      },
      didChangeWatchedFiles = {
        dynamicRegistration = false,
        relativePatternSupport = true
      },
      fileOperations = {
        didRename = true,
        willRename = true
      },
      inlayHint = {
        refreshSupport = true
      },
      semanticTokens = {
        refreshSupport = true
      },
      symbol = {
        dynamicRegistration = false,
        symbolKind = {
          valueSet = { 1, 2, 3, 4, 5, 6, 7, 8, 9, 10, 11, 12, 13, 14, 15, 16, 17, 18, 19, 20, 21, 22, 23, 24, 25, 26 }
        }
      },
      workspaceEdit = {
        resourceOperations = { "rename", "create", "delete" }
      },
      workspaceFolders = true
    }
  },
  clientInfo = {
    name = "Neovim",
    version = "0.11.0+v0.11.0"
  },
  initializationOptions = {},
  processId = 141556,
  rootPath = "/home/adam/.dotfiles/nvim/.local/share/nvim/lazy/codeium.nvim",
  rootUri = "file:///home/adam/.dotfiles/nvim/.local/share/nvim/lazy/codeium.nvim",
  trace = "off",
  workDoneToken = "1",
  workspaceFolders = { {
      name = "/home/adam/.dotfiles/nvim/.local/share/nvim/lazy/codeium.nvim",
      uri = "file:///home/adam/.dotfiles/nvim/.local/share/nvim/lazy/codeium.nvim"
    } }
}
[09:30:02.092][info] [#0:script/language.lua:137]: VSC language: nil
[09:30:02.092][info] [#0:script/language.lua:138]: LS  language: en-us
[09:30:02.092][info] [#0:script/workspace/workspace.lua:38]: Workspace init root: 	file:///home/adam/.dotfiles/nvim/.local/share/nvim/lazy/codeium.nvim
[09:30:02.092][info] [#0:script/workspace/workspace.lua:42]: Log path: 	/home/adam/.dotfiles/nvim/.local/share/nvim/mason/packages/lua-language-server/libexec/log/file_home_adam_.dotfiles_nvim_.local_share_nvim_lazy_codeium.nvim.log
[09:30:02.092][info] [#0:script/workspace/workspace.lua:48]: Workspace create: 	file:///home/adam/.dotfiles/nvim/.local/share/nvim/lazy/codeium.nvim
[09:30:02.294][info] [#0:script/provider/provider.lua:49]: Load config from client	file:///home/adam/.dotfiles/nvim/.local/share/nvim/lazy/codeium.nvim
[09:30:02.294][info] [#0:script/provider/provider.lua:50]: {
  Lua = {
    codeLens = {
      enable = true
    },
    completion = {
      callSnippet = "Replace"
    },
    doc = {
      privateName = { "^_" }
    },
    hint = {
      arrayIndex = "Disable",
      enable = true,
      paramName = "Disable",
      paramType = true,
      semicolon = "Disable",
      setType = false
    },
    runtime = {
      path = { "?.lua", "?/init.lua" },
      pathStrict = true,
      version = "LuaJIT"
    },
    workspace = {
      checkThirdParty = false,
      ignoreDir = { "/lua" },
      library = { "/usr/share/nvim/runtime/lua", "/home/adam/.dotfiles/nvim/.local/share/nvim/lazy/codeium.nvim/lua" }
    }
  }
}
[09:30:02.294][info] [#0:script/provider/provider.lua:49]: Load config from client	file:///home/adam/.dotfiles/nvim/.local/share/nvim/lazy/codeium.nvim
[09:30:02.294][info] [#0:script/provider/provider.lua:50]: {
  Lua = {
    codeLens = {
      enable = true
    },
    completion = {
      callSnippet = "Replace"
    },
    doc = {
      privateName = { "^_" }
    },
    hint = {
      arrayIndex = "Disable",
      enable = true,
      paramName = "Disable",
      paramType = true,
      semicolon = "Disable",
      setType = false
    },
    runtime = {
      path = { "?.lua", "?/init.lua" },
      pathStrict = true,
      version = "LuaJIT"
    },
    workspace = {
      checkThirdParty = false,
      ignoreDir = { "/lua" },
      library = { "/usr/share/nvim/runtime/lua", "/home/adam/.dotfiles/nvim/.local/share/nvim/lazy/codeium.nvim/lua" }
    }
  }
}
[09:30:02.294][info] [#0:script/provider/provider.lua:49]: Load config from client	file:///home/adam/.dotfiles/nvim/.local/share/nvim/lazy/codeium.nvim
[09:30:02.294][info] [#0:script/provider/provider.lua:50]: {
  Lua = {
    codeLens = {
      enable = true
    },
    completion = {
      callSnippet = "Replace"
    },
    doc = {
      privateName = { "^_" }
    },
    hint = {
      arrayIndex = "Disable",
      enable = true,
      paramName = "Disable",
      paramType = true,
      semicolon = "Disable",
      setType = false
    },
    runtime = {
      path = { "?.lua", "?/init.lua" },
      pathStrict = true,
      version = "LuaJIT"
    },
    workspace = {
      checkThirdParty = false,
      ignoreDir = { "/lua" },
      library = { "/usr/share/nvim/runtime/lua", "/home/adam/.dotfiles/nvim/.local/share/nvim/lazy/codeium.nvim/lua" }
    }
  }
}
[09:30:02.394][warn] [#0:script/config/loader.lua:116]: No config?	{}
[09:30:02.394][info] [#0:script/provider/provider.lua:65]: Load config from client	fallback
[09:30:02.394][info] [#0:script/provider/provider.lua:66]: nil
[09:30:02.394][warn] [#0:script/config/loader.lua:116]: No config?	{}
[09:30:02.394][info] [#0:script/provider/provider.lua:65]: Load config from client	fallback
[09:30:02.394][info] [#0:script/provider/provider.lua:66]: nil
[09:30:02.394][warn] [#0:script/config/loader.lua:116]: No config?	{}
[09:30:02.394][info] [#0:script/provider/provider.lua:65]: Load config from client	fallback
[09:30:02.394][info] [#0:script/provider/provider.lua:66]: nil
[09:30:02.500][info] [#0:script/library.lua:212]: Init builtin library at:	file:///home/adam/.dotfiles/nvim/.local/share/nvim/lazy/codeium.nvim
[09:30:02.504][info] [#0:script/library.lua:212]: Init builtin library at:	nil
[09:30:02.607][info] [#0:script/workspace/workspace.lua:324]: Preload start:	file:///home/adam/.dotfiles/nvim/.local/share/nvim/lazy/codeium.nvim
[09:30:02.611][info] [#0:script/workspace/workspace.lua:330]: Scan files at:	file:///home/adam/.dotfiles/nvim/.local/share/nvim/lazy/codeium.nvim
[09:30:02.611][info] [#0:script/workspace/workspace.lua:324]: Preload start:	<fallback>
[09:30:02.612][info] [#0:script/workspace/workspace.lua:353]: Scan library at:	file:///home/adam/.dotfiles/nvim/.local/share/nvim/mason/packages/lua-language-server/libexec/meta/Lua%205.4%20en-us%20utf8/os.lua
[09:30:02.612][info] [#0:script/workspace/workspace.lua:353]: Scan library at:	file:///home/adam/.dotfiles/nvim/.local/share/nvim/mason/packages/lua-language-server/libexec/meta/Lua%205.4%20en-us%20utf8/table.lua
[09:30:02.612][info] [#0:script/workspace/workspace.lua:353]: Scan library at:	file:///home/adam/.dotfiles/nvim/.local/share/nvim/mason/packages/lua-language-server/libexec/meta/Lua%205.4%20en-us%20utf8/coroutine.lua
[09:30:02.612][info] [#0:script/workspace/workspace.lua:353]: Scan library at:	file:///home/adam/.dotfiles/nvim/.local/share/nvim/mason/packages/lua-language-server/libexec/meta/Lua%205.4%20en-us%20utf8/basic.lua
[09:30:02.613][info] [#0:script/workspace/workspace.lua:353]: Scan library at:	file:///home/adam/.dotfiles/nvim/.local/share/nvim/mason/packages/lua-language-server/libexec/meta/Lua%205.4%20en-us%20utf8/builtin.lua
[09:30:02.613][info] [#0:script/workspace/workspace.lua:353]: Scan library at:	file:///home/adam/.dotfiles/nvim/.local/share/nvim/mason/packages/lua-language-server/libexec/meta/Lua%205.4%20en-us%20utf8/debug.lua
[09:30:02.613][info] [#0:script/workspace/workspace.lua:353]: Scan library at:	file:///home/adam/.dotfiles/nvim/.local/share/nvim/mason/packages/lua-language-server/libexec/meta/Lua%205.4%20en-us%20utf8/math.lua
[09:30:02.613][info] [#0:script/workspace/workspace.lua:353]: Scan library at:	file:///home/adam/.dotfiles/nvim/.local/share/nvim/mason/packages/lua-language-server/libexec/meta/Lua%205.4%20en-us%20utf8/utf8.lua
[09:30:02.613][info] [#0:script/workspace/workspace.lua:353]: Scan library at:	file:///home/adam/.dotfiles/nvim/.local/share/nvim/mason/packages/lua-language-server/libexec/meta/Lua%205.4%20en-us%20utf8/package.lua
[09:30:02.614][info] [#0:script/workspace/workspace.lua:353]: Scan library at:	file:///home/adam/.dotfiles/nvim/.local/share/nvim/mason/packages/lua-language-server/libexec/meta/Lua%205.4%20en-us%20utf8/string.lua
[09:30:02.614][info] [#0:script/workspace/workspace.lua:353]: Scan library at:	file:///home/adam/.dotfiles/nvim/.local/share/nvim/mason/packages/lua-language-server/libexec/meta/Lua%205.4%20en-us%20utf8/io.lua
[09:30:02.614][info] [#0:script/workspace/workspace.lua:353]: Scan library at:	file:///home/adam/.dotfiles/nvim/.local/share/nvim/mason/packages/lua-language-server/libexec/meta/LuaJIT%20en-us%20utf8/math.lua
[09:30:02.614][info] [#0:script/workspace/workspace.lua:353]: Scan library at:	file:///home/adam/.dotfiles/nvim/.local/share/nvim/mason/packages/lua-language-server/libexec/meta/LuaJIT%20en-us%20utf8/os.lua
[09:30:02.614][info] [#0:script/workspace/workspace.lua:353]: Scan library at:	file:///home/adam/.dotfiles/nvim/.local/share/nvim/mason/packages/lua-language-server/libexec/meta/LuaJIT%20en-us%20utf8/jit.lua
[09:30:02.614][info] [#0:script/workspace/workspace.lua:353]: Scan library at:	file:///home/adam/.dotfiles/nvim/.local/share/nvim/mason/packages/lua-language-server/libexec/meta/LuaJIT%20en-us%20utf8/package.lua
[09:30:02.614][info] [#0:script/workspace/workspace.lua:353]: Scan library at:	file:///home/adam/.dotfiles/nvim/.local/share/nvim/mason/packages/lua-language-server/libexec/meta/LuaJIT%20en-us%20utf8/jit/profile.lua
[09:30:02.614][info] [#0:script/workspace/workspace.lua:353]: Scan library at:	file:///home/adam/.dotfiles/nvim/.local/share/nvim/mason/packages/lua-language-server/libexec/meta/LuaJIT%20en-us%20utf8/ffi.lua
[09:30:02.614][info] [#0:script/workspace/workspace.lua:353]: Scan library at:	file:///home/adam/.dotfiles/nvim/.local/share/nvim/mason/packages/lua-language-server/libexec/meta/LuaJIT%20en-us%20utf8/basic.lua
[09:30:02.614][info] [#0:script/workspace/workspace.lua:353]: Scan library at:	file:///home/adam/.dotfiles/nvim/.local/share/nvim/mason/packages/lua-language-server/libexec/meta/LuaJIT%20en-us%20utf8/debug.lua
[09:30:02.615][info] [#0:script/workspace/workspace.lua:353]: Scan library at:	file:///home/adam/.dotfiles/nvim/.local/share/nvim/mason/packages/lua-language-server/libexec/meta/LuaJIT%20en-us%20utf8/string/buffer.lua
[09:30:02.615][info] [#0:script/workspace/workspace.lua:353]: Scan library at:	file:///home/adam/.dotfiles/nvim/.local/share/nvim/mason/packages/lua-language-server/libexec/meta/LuaJIT%20en-us%20utf8/builtin.lua
[09:30:02.615][info] [#0:script/workspace/workspace.lua:353]: Scan library at:	file:///home/adam/.dotfiles/nvim/.local/share/nvim/mason/packages/lua-language-server/libexec/meta/LuaJIT%20en-us%20utf8/bit.lua
[09:30:02.615][info] [#0:script/workspace/workspace.lua:353]: Scan library at:	file:///home/adam/.dotfiles/nvim/.local/share/nvim/lazy/codeium.nvim/lua
[09:30:02.616][info] [#0:script/workspace/workspace.lua:353]: Scan library at:	file:///home/adam/.dotfiles/nvim/.local/share/nvim/mason/packages/lua-language-server/libexec/meta/LuaJIT%20en-us%20utf8/table/new.lua
[09:30:02.616][info] [#0:script/workspace/workspace.lua:353]: Scan library at:	file:///home/adam/.dotfiles/nvim/.local/share/nvim/mason/packages/lua-language-server/libexec/meta/LuaJIT%20en-us%20utf8/string.lua
[09:30:02.616][info] [#0:script/workspace/workspace.lua:353]: Scan library at:	file:///home/adam/.dotfiles/nvim/.local/share/nvim/mason/packages/lua-language-server/libexec/meta/LuaJIT%20en-us%20utf8/table/clear.lua
[09:30:02.616][info] [#0:script/workspace/workspace.lua:353]: Scan library at:	file:///home/adam/.dotfiles/nvim/.local/share/nvim/mason/packages/lua-language-server/libexec/meta/LuaJIT%20en-us%20utf8/table.lua
[09:30:02.616][info] [#0:script/workspace/workspace.lua:353]: Scan library at:	file:///home/adam/.dotfiles/nvim/.local/share/nvim/mason/packages/lua-language-server/libexec/meta/LuaJIT%20en-us%20utf8/io.lua
[09:30:02.616][info] [#0:script/workspace/workspace.lua:353]: Scan library at:	file:///home/adam/.dotfiles/nvim/.local/share/nvim/mason/packages/lua-language-server/libexec/meta/LuaJIT%20en-us%20utf8/coroutine.lua
[09:30:02.616][info] [#0:script/workspace/workspace.lua:353]: Scan library at:	file:///usr/share/nvim/runtime/lua
[09:30:02.624][info] [#0:script/workspace/workspace.lua:353]: Scan library at:	file:///home/adam/.dotfiles/nvim/.local/share/nvim/mason/packages/lua-language-server/libexec/meta/LuaJIT%20en-us%20utf8/jit/util.lua
[09:30:02.724][info] [#0:script/workspace/workspace.lua:379]: Found 11 files at:	<fallback>
[09:30:02.724][info] [#0:script/workspace/loading.lua:160]: Load files from disk:	<fallback>
[09:30:02.724][info] [#0:script/workspace/workspace.lua:379]: Found 136 files at:	file:///home/adam/.dotfiles/nvim/.local/share/nvim/lazy/codeium.nvim
[09:30:02.724][info] [#0:script/workspace/loading.lua:160]: Load files from disk:	file:///home/adam/.dotfiles/nvim/.local/share/nvim/lazy/codeium.nvim
[09:30:02.727][info] [#0:script/workspace/loading.lua:100]: Preload file at: file:///home/adam/.dotfiles/nvim/.local/share/nvim/mason/packages/lua-language-server/libexec/meta/Lua%205.4%20en-us%20utf8/io.lua , size = 6.364 KB
[09:30:02.735][info] [#0:script/workspace/loading.lua:112]: ++++As library of:	file:///home/adam/.dotfiles/nvim/.local/share/nvim/mason/packages/lua-language-server/libexec/meta/Lua%205.4%20en-us%20utf8/io.lua
[09:30:02.735][info] [#0:script/workspace/loading.lua:100]: Preload file at: file:///home/adam/.dotfiles/nvim/.local/share/nvim/mason/packages/lua-language-server/libexec/meta/Lua%205.4%20en-us%20utf8/string.lua , size = 5.234 KB
[09:30:02.737][info] [#0:script/workspace/loading.lua:112]: ++++As library of:	file:///home/adam/.dotfiles/nvim/.local/share/nvim/mason/packages/lua-language-server/libexec/meta/Lua%205.4%20en-us%20utf8/string.lua
[09:30:02.737][info] [#0:script/workspace/loading.lua:100]: Preload file at: file:///usr/share/nvim/runtime/lua/_vim9script.lua , size = 15.423 KB
[09:30:02.741][info] [#0:script/workspace/loading.lua:112]: ++++As library of:	file:///usr/share/nvim/runtime/lua
[09:30:02.741][info] [#0:script/workspace/loading.lua:100]: Preload file at: file:///home/adam/.dotfiles/nvim/.local/share/nvim/mason/packages/lua-language-server/libexec/meta/Lua%205.4%20en-us%20utf8/package.lua , size = 2.944 KB
[09:30:02.742][info] [#0:script/workspace/loading.lua:112]: ++++As library of:	file:///home/adam/.dotfiles/nvim/.local/share/nvim/mason/packages/lua-language-server/libexec/meta/Lua%205.4%20en-us%20utf8/package.lua
[09:30:02.742][info] [#0:script/workspace/loading.lua:100]: Preload file at: file:///usr/share/nvim/runtime/lua/coxpcall.lua , size = 3.672 KB
[09:30:02.744][info] [#0:script/workspace/loading.lua:112]: ++++As library of:	file:///usr/share/nvim/runtime/lua
[09:30:02.744][info] [#0:script/workspace/loading.lua:100]: Preload file at: file:///home/adam/.dotfiles/nvim/.local/share/nvim/mason/packages/lua-language-server/libexec/meta/Lua%205.4%20en-us%20utf8/utf8.lua , size = 2.386 KB
[09:30:02.744][info] [#0:script/workspace/loading.lua:112]: ++++As library of:	file:///home/adam/.dotfiles/nvim/.local/share/nvim/mason/packages/lua-language-server/libexec/meta/Lua%205.4%20en-us%20utf8/utf8.lua
[09:30:02.744][info] [#0:script/workspace/loading.lua:100]: Preload file at: file:///usr/share/nvim/runtime/lua/editorconfig.lua , size = 11.254 KB
[09:30:02.747][info] [#0:script/workspace/loading.lua:112]: ++++As library of:	file:///usr/share/nvim/runtime/lua
[09:30:02.747][info] [#0:script/workspace/loading.lua:100]: Preload file at: file:///home/adam/.dotfiles/nvim/.local/share/nvim/mason/packages/lua-language-server/libexec/meta/Lua%205.4%20en-us%20utf8/math.lua , size = 8.542 KB
[09:30:02.749][info] [#0:script/workspace/loading.lua:112]: ++++As library of:	file:///home/adam/.dotfiles/nvim/.local/share/nvim/mason/packages/lua-language-server/libexec/meta/Lua%205.4%20en-us%20utf8/math.lua
[09:30:02.749][info] [#0:script/workspace/loading.lua:100]: Preload file at: file:///usr/share/nvim/runtime/lua/man.lua , size = 23.099 KB
[09:30:02.757][info] [#0:script/workspace/loading.lua:112]: ++++As library of:	file:///usr/share/nvim/runtime/lua
[09:30:02.757][info] [#0:script/workspace/loading.lua:100]: Preload file at: file:///home/adam/.dotfiles/nvim/.local/share/nvim/mason/packages/lua-language-server/libexec/meta/Lua%205.4%20en-us%20utf8/debug.lua , size = 7.637 KB
[09:30:02.759][info] [#0:script/workspace/loading.lua:112]: ++++As library of:	file:///home/adam/.dotfiles/nvim/.local/share/nvim/mason/packages/lua-language-server/libexec/meta/Lua%205.4%20en-us%20utf8/debug.lua
[09:30:02.759][info] [#0:script/workspace/loading.lua:100]: Preload file at: file:///usr/share/nvim/runtime/lua/tohtml.lua , size = 43.272 KB
[09:30:02.773][info] [#0:script/workspace/loading.lua:112]: ++++As library of:	file:///usr/share/nvim/runtime/lua
[09:30:02.773][info] [#0:script/workspace/loading.lua:100]: Preload file at: file:///home/adam/.dotfiles/nvim/.local/share/nvim/mason/packages/lua-language-server/libexec/meta/Lua%205.4%20en-us%20utf8/builtin.lua , size = 0.302 KB
[09:30:02.774][info] [#0:script/workspace/loading.lua:112]: ++++As library of:	file:///home/adam/.dotfiles/nvim/.local/share/nvim/mason/packages/lua-language-server/libexec/meta/Lua%205.4%20en-us%20utf8/builtin.lua
[09:30:02.774][info] [#0:script/workspace/loading.lua:100]: Preload file at: file:///usr/share/nvim/runtime/lua/vim/F.lua , size = 1.076 KB
[09:30:02.774][info] [#0:script/workspace/loading.lua:112]: ++++As library of:	file:///usr/share/nvim/runtime/lua
[09:30:02.774][info] [#0:script/workspace/loading.lua:100]: Preload file at: file:///home/adam/.dotfiles/nvim/.local/share/nvim/mason/packages/lua-language-server/libexec/meta/LuaJIT%20en-us%20utf8/jit/util.lua , size = 1.984 KB
[09:30:02.775][info] [#0:script/workspace/loading.lua:112]: ++++As library of:	file:///home/adam/.dotfiles/nvim/.local/share/nvim/mason/packages/lua-language-server/libexec/meta/LuaJIT%20en-us%20utf8/jit/util.lua
[09:30:02.775][info] [#0:script/workspace/loading.lua:100]: Preload file at: file:///home/adam/.dotfiles/nvim/.local/share/nvim/mason/packages/lua-language-server/libexec/meta/Lua%205.4%20en-us%20utf8/basic.lua , size = 15.841 KB
[09:30:02.779][info] [#0:script/workspace/loading.lua:112]: ++++As library of:	file:///home/adam/.dotfiles/nvim/.local/share/nvim/mason/packages/lua-language-server/libexec/meta/Lua%205.4%20en-us%20utf8/basic.lua
[09:30:02.779][info] [#0:script/workspace/loading.lua:100]: Preload file at: file:///home/adam/.dotfiles/nvim/.local/share/nvim/mason/packages/lua-language-server/libexec/meta/Lua%205.4%20en-us%20utf8/coroutine.lua , size = 2.590 KB
[09:30:02.779][info] [#0:script/workspace/loading.lua:112]: ++++As library of:	file:///home/adam/.dotfiles/nvim/.local/share/nvim/mason/packages/lua-language-server/libexec/meta/Lua%205.4%20en-us%20utf8/coroutine.lua
[09:30:02.779][info] [#0:script/workspace/loading.lua:100]: Preload file at: file:///usr/share/nvim/runtime/lua/vim/_buf.lua , size = 0.764 KB
[09:30:02.780][info] [#0:script/workspace/loading.lua:112]: ++++As library of:	file:///usr/share/nvim/runtime/lua
[09:30:02.780][info] [#0:script/workspace/loading.lua:100]: Preload file at: file:///usr/share/nvim/runtime/lua/vim/_comment.lua , size = 8.967 KB
[09:30:02.782][info] [#0:script/workspace/loading.lua:112]: ++++As library of:	file:///usr/share/nvim/runtime/lua
[09:30:02.782][info] [#0:script/workspace/loading.lua:100]: Preload file at: file:///home/adam/.dotfiles/nvim/.local/share/nvim/mason/packages/lua-language-server/libexec/meta/Lua%205.4%20en-us%20utf8/table.lua , size = 4.445 KB
[09:30:02.784][info] [#0:script/workspace/loading.lua:112]: ++++As library of:	file:///home/adam/.dotfiles/nvim/.local/share/nvim/mason/packages/lua-language-server/libexec/meta/Lua%205.4%20en-us%20utf8/table.lua
[09:30:02.784][info] [#0:script/workspace/loading.lua:100]: Preload file at: file:///usr/share/nvim/runtime/lua/vim/_defaults.lua , size = 32.247 KB
[09:30:02.794][info] [#0:script/workspace/loading.lua:112]: ++++As library of:	file:///usr/share/nvim/runtime/lua
[09:30:02.794][info] [#0:script/workspace/loading.lua:100]: Preload file at: file:///home/adam/.dotfiles/nvim/.local/share/nvim/mason/packages/lua-language-server/libexec/meta/Lua%205.4%20en-us%20utf8/os.lua , size = 5.611 KB
[09:30:02.795][info] [#0:script/workspace/loading.lua:112]: ++++As library of:	file:///home/adam/.dotfiles/nvim/.local/share/nvim/mason/packages/lua-language-server/libexec/meta/Lua%205.4%20en-us%20utf8/os.lua
[09:30:02.795][info] [#0:script/workspace/loading.lua:100]: Preload file at: file:///usr/share/nvim/runtime/lua/vim/_ftplugin/lua.lua , size = 0.481 KB
[09:30:02.795][info] [#0:script/workspace/loading.lua:112]: ++++As library of:	file:///usr/share/nvim/runtime/lua
[09:30:02.795][info] [#0:script/workspace/loading.lua:100]: Preload file at: file:///usr/share/nvim/runtime/lua/vim/_init_packages.lua , size = 3.023 KB
[09:30:02.796][info] [#0:script/workspace/loading.lua:112]: ++++As library of:	file:///usr/share/nvim/runtime/lua
[09:30:02.796][info] [#0:script/workspace/loading.lua:100]: Preload file at: file:///usr/share/nvim/runtime/lua/vim/_editor.lua , size = 44.635 KB
[09:30:02.806][info] [#0:script/workspace/loading.lua:112]: ++++As library of:	file:///usr/share/nvim/runtime/lua
[09:30:02.806][info] [#0:script/workspace/loading.lua:100]: Preload file at: file:///usr/share/nvim/runtime/lua/vim/_inspector.lua , size = 7.775 KB
[09:30:02.809][info] [#0:script/workspace/loading.lua:112]: ++++As library of:	file:///usr/share/nvim/runtime/lua
[09:30:02.809][info] [#0:script/workspace/loading.lua:100]: Preload file at: file:///usr/share/nvim/runtime/lua/vim/_meta/api_keysets.lua , size = 9.958 KB
[09:30:02.812][info] [#0:script/workspace/loading.lua:112]: ++++As library of:	file:///usr/share/nvim/runtime/lua
[09:30:02.812][info] [#0:script/workspace/loading.lua:100]: Preload file at: file:///usr/share/nvim/runtime/lua/vim/_meta/api_keysets_extra.lua , size = 6.957 KB
[09:30:02.814][info] [#0:script/workspace/loading.lua:112]: ++++As library of:	file:///usr/share/nvim/runtime/lua
[09:30:02.814][info] [#0:script/workspace/loading.lua:100]: Preload file at: file:///usr/share/nvim/runtime/lua/vim/_meta/api.lua , size = 106.049 KB
[09:30:02.833][info] [#0:script/workspace/loading.lua:112]: ++++As library of:	file:///usr/share/nvim/runtime/lua
[09:30:02.833][info] [#0:script/workspace/loading.lua:172]: Loaded files takes [0.114] sec: <fallback>
[09:30:02.833][info] [#0:script/workspace/loading.lua:181]: Compile files takes [0.000] sec: <fallback>
[09:30:02.833][info] [#0:script/workspace/loading.lua:182]: Loaded finish:	<fallback>
[09:30:02.833][info] [#0:script/workspace/workspace.lua:381]: Preload finish at:	<fallback>
[09:30:02.835][info] [#0:script/workspace/loading.lua:100]: Preload file at: file:///usr/share/nvim/runtime/lua/vim/_meta/base64.lua , size = 0.307 KB
[09:30:02.835][info] [#0:script/workspace/loading.lua:112]: ++++As library of:	file:///usr/share/nvim/runtime/lua
[09:30:02.835][info] [#0:script/workspace/loading.lua:100]: Preload file at: file:///usr/share/nvim/runtime/lua/vim/_meta/builtin.lua , size = 10.381 KB
[09:30:02.836][info] [#0:script/workspace/loading.lua:112]: ++++As library of:	file:///usr/share/nvim/runtime/lua
[09:30:02.836][info] [#0:script/workspace/loading.lua:100]: Preload file at: file:///usr/share/nvim/runtime/lua/vim/_meta/builtin_types.lua , size = 7.899 KB
[09:30:02.838][info] [#0:script/workspace/loading.lua:112]: ++++As library of:	file:///usr/share/nvim/runtime/lua
[09:30:02.838][info] [#0:script/workspace/loading.lua:100]: Preload file at: file:///usr/share/nvim/runtime/lua/vim/_meta/diff.lua , size = 2.493 KB
[09:30:02.839][info] [#0:script/workspace/loading.lua:112]: ++++As library of:	file:///usr/share/nvim/runtime/lua
[09:30:02.839][info] [#0:script/workspace/loading.lua:100]: Preload file at: file:///usr/share/nvim/runtime/lua/vim/_meta/json.lua , size = 1.537 KB
[09:30:02.840][info] [#0:script/workspace/loading.lua:112]: ++++As library of:	file:///usr/share/nvim/runtime/lua
[09:30:02.840][info] [#0:script/workspace/loading.lua:100]: Preload file at: file:///usr/share/nvim/runtime/lua/vim/_meta/lpeg.lua , size = 15.348 KB
[09:30:02.842][info] [#0:script/workspace/loading.lua:112]: ++++As library of:	file:///usr/share/nvim/runtime/lua
[09:30:02.842][info] [#0:script/workspace/loading.lua:100]: Preload file at: file:///usr/share/nvim/runtime/lua/vim/_meta/misc.lua , size = 0.291 KB
[09:30:02.842][info] [#0:script/workspace/loading.lua:112]: ++++As library of:	file:///usr/share/nvim/runtime/lua
[09:30:02.842][info] [#0:script/workspace/loading.lua:100]: Preload file at: file:///usr/share/nvim/runtime/lua/vim/_meta/mpack.lua , size = 0.478 KB
[09:30:02.843][info] [#0:script/workspace/loading.lua:112]: ++++As library of:	file:///usr/share/nvim/runtime/lua
[09:30:02.843][info] [#0:script/workspace/loading.lua:100]: Preload file at: file:///usr/share/nvim/runtime/lua/vim/_meta/options.lua , size = 324.211 KB
[09:30:02.896][info] [#0:script/workspace/loading.lua:112]: ++++As library of:	file:///usr/share/nvim/runtime/lua
[09:30:02.896][info] [#0:script/workspace/loading.lua:100]: Preload file at: file:///usr/share/nvim/runtime/lua/vim/_meta/re.lua , size = 2.217 KB
[09:30:02.896][info] [#0:script/workspace/loading.lua:112]: ++++As library of:	file:///usr/share/nvim/runtime/lua
[09:30:02.896][info] [#0:script/workspace/loading.lua:100]: Preload file at: file:///usr/share/nvim/runtime/lua/vim/_meta/regex.lua , size = 1.580 KB
[09:30:02.897][info] [#0:script/workspace/loading.lua:112]: ++++As library of:	file:///usr/share/nvim/runtime/lua
[09:30:02.897][info] [#0:script/workspace/loading.lua:100]: Preload file at: file:///usr/share/nvim/runtime/lua/vim/_meta/spell.lua , size = 0.929 KB
[09:30:02.897][info] [#0:script/workspace/loading.lua:112]: ++++As library of:	file:///usr/share/nvim/runtime/lua
[09:30:02.898][info] [#0:script/workspace/loading.lua:100]: Preload file at: file:///usr/share/nvim/runtime/lua/vim/_meta/vvars.lua , size = 26.214 KB
[09:30:02.902][info] [#0:script/workspace/loading.lua:112]: ++++As library of:	file:///usr/share/nvim/runtime/lua
[09:30:02.902][info] [#0:script/workspace/loading.lua:100]: Preload file at: file:///usr/share/nvim/runtime/lua/vim/_meta/vvars_extra.lua , size = 4.056 KB
[09:30:02.903][info] [#0:script/workspace/loading.lua:112]: ++++As library of:	file:///usr/share/nvim/runtime/lua
[09:30:02.903][info] [#0:script/workspace/loading.lua:100]: Preload file at: file:///usr/share/nvim/runtime/lua/vim/_meta.lua , size = 1.002 KB
[09:30:02.903][info] [#0:script/workspace/loading.lua:112]: ++++As library of:	file:///usr/share/nvim/runtime/lua
[09:30:02.903][info] [#0:script/workspace/loading.lua:100]: Preload file at: file:///usr/share/nvim/runtime/lua/vim/_options.lua , size = 25.508 KB
[09:30:02.909][info] [#0:script/workspace/loading.lua:112]: ++++As library of:	file:///usr/share/nvim/runtime/lua
[09:30:02.909][info] [#0:script/workspace/loading.lua:100]: Preload file at: file:///usr/share/nvim/runtime/lua/vim/_meta/vimfn.lua , size = 408.284 KB
[09:30:02.976][info] [#0:script/workspace/loading.lua:112]: ++++As library of:	file:///usr/share/nvim/runtime/lua
[09:30:02.977][info] [#0:script/workspace/loading.lua:100]: Preload file at: file:///usr/share/nvim/runtime/lua/vim/_system.lua , size = 9.580 KB
[09:30:02.980][info] [#0:script/workspace/loading.lua:112]: ++++As library of:	file:///usr/share/nvim/runtime/lua
[09:30:02.980][info] [#0:script/workspace/loading.lua:100]: Preload file at: file:///usr/share/nvim/runtime/lua/vim/deprecated/health.lua , size = 1.260 KB
[09:30:02.981][info] [#0:script/workspace/loading.lua:112]: ++++As library of:	file:///usr/share/nvim/runtime/lua
[09:30:02.981][info] [#0:script/workspace/loading.lua:100]: Preload file at: file:///usr/share/nvim/runtime/lua/vim/_watch.lua , size = 9.718 KB
[09:30:02.984][info] [#0:script/workspace/loading.lua:112]: ++++As library of:	file:///usr/share/nvim/runtime/lua
[09:30:02.984][info] [#0:script/workspace/loading.lua:100]: Preload file at: file:///usr/share/nvim/runtime/lua/vim/diagnostic.lua , size = 84.872 KB
[09:30:03.006][info] [#0:script/workspace/loading.lua:112]: ++++As library of:	file:///usr/share/nvim/runtime/lua
[09:30:03.006][info] [#0:script/workspace/loading.lua:100]: Preload file at: file:///usr/share/nvim/runtime/lua/vim/filetype/options.lua , size = 2.559 KB
[09:30:03.007][info] [#0:script/workspace/loading.lua:112]: ++++As library of:	file:///usr/share/nvim/runtime/lua
[09:30:03.007][info] [#0:script/workspace/loading.lua:100]: Preload file at: file:///usr/share/nvim/runtime/lua/vim/filetype/detect.lua , size = 61.322 KB
[09:30:03.023][info] [#0:script/workspace/loading.lua:112]: ++++As library of:	file:///usr/share/nvim/runtime/lua
[09:30:03.023][info] [#0:script/workspace/loading.lua:100]: Preload file at: file:///usr/share/nvim/runtime/lua/vim/filetype.lua , size = 78.400 KB
[09:30:03.058][info] [#0:script/workspace/loading.lua:112]: ++++As library of:	file:///usr/share/nvim/runtime/lua
[09:30:03.058][info] [#0:script/workspace/loading.lua:100]: Preload file at: file:///usr/share/nvim/runtime/lua/vim/fs.lua , size = 23.587 KB
[09:30:03.063][info] [#0:script/workspace/loading.lua:112]: ++++As library of:	file:///usr/share/nvim/runtime/lua
[09:30:03.063][info] [#0:script/workspace/loading.lua:100]: Preload file at: file:///usr/share/nvim/runtime/lua/vim/func/_memoize.lua , size = 1.979 KB
[09:30:03.064][info] [#0:script/workspace/loading.lua:112]: ++++As library of:	file:///usr/share/nvim/runtime/lua
[09:30:03.064][info] [#0:script/workspace/loading.lua:100]: Preload file at: file:///usr/share/nvim/runtime/lua/vim/func.lua , size = 1.950 KB
[09:30:03.064][info] [#0:script/workspace/loading.lua:112]: ++++As library of:	file:///usr/share/nvim/runtime/lua
[09:30:03.064][info] [#0:script/workspace/loading.lua:100]: Preload file at: file:///usr/share/nvim/runtime/lua/vim/glob.lua , size = 3.312 KB
[09:30:03.065][info] [#0:script/workspace/loading.lua:112]: ++++As library of:	file:///usr/share/nvim/runtime/lua
[09:30:03.066][info] [#0:script/workspace/loading.lua:100]: Preload file at: file:///usr/share/nvim/runtime/lua/vim/health/health.lua , size = 12.863 KB
[09:30:03.069][info] [#0:script/workspace/loading.lua:112]: ++++As library of:	file:///usr/share/nvim/runtime/lua
[09:30:03.069][info] [#0:script/workspace/loading.lua:100]: Preload file at: file:///usr/share/nvim/runtime/lua/vim/health.lua , size = 14.702 KB
[09:30:03.072][info] [#0:script/workspace/loading.lua:112]: ++++As library of:	file:///usr/share/nvim/runtime/lua
[09:30:03.072][info] [#0:script/workspace/loading.lua:100]: Preload file at: file:///usr/share/nvim/runtime/lua/vim/hl.lua , size = 5.653 KB
[09:30:03.073][info] [#0:script/workspace/loading.lua:112]: ++++As library of:	file:///usr/share/nvim/runtime/lua
[09:30:03.074][info] [#0:script/workspace/loading.lua:100]: Preload file at: file:///usr/share/nvim/runtime/lua/vim/inspect.lua , size = 8.899 KB
[09:30:03.076][info] [#0:script/workspace/loading.lua:112]: ++++As library of:	file:///usr/share/nvim/runtime/lua
[09:30:03.076][info] [#0:script/workspace/loading.lua:100]: Preload file at: file:///usr/share/nvim/runtime/lua/vim/iter.lua , size = 25.875 KB
[09:30:03.082][info] [#0:script/workspace/loading.lua:112]: ++++As library of:	file:///usr/share/nvim/runtime/lua
[09:30:03.082][info] [#0:script/workspace/loading.lua:100]: Preload file at: file:///usr/share/nvim/runtime/lua/vim/keymap.lua , size = 3.683 KB
[09:30:03.084][info] [#0:script/workspace/loading.lua:112]: ++++As library of:	file:///usr/share/nvim/runtime/lua
[09:30:03.084][info] [#0:script/workspace/loading.lua:100]: Preload file at: file:///usr/share/nvim/runtime/lua/vim/loader.lua , size = 14.564 KB
[09:30:03.088][info] [#0:script/workspace/loading.lua:112]: ++++As library of:	file:///usr/share/nvim/runtime/lua
[09:30:03.088][info] [#0:script/workspace/loading.lua:100]: Preload file at: file:///usr/share/nvim/runtime/lua/vim/lsp/_changetracking.lua , size = 11.493 KB
[09:30:03.090][info] [#0:script/workspace/loading.lua:112]: ++++As library of:	file:///usr/share/nvim/runtime/lua
[09:30:03.091][info] [#0:script/workspace/loading.lua:100]: Preload file at: file:///usr/share/nvim/runtime/lua/vim/lsp/_folding_range.lua , size = 11.103 KB
[09:30:03.093][info] [#0:script/workspace/loading.lua:112]: ++++As library of:	file:///usr/share/nvim/runtime/lua
[09:30:03.093][info] [#0:script/workspace/loading.lua:100]: Preload file at: file:///usr/share/nvim/runtime/lua/vim/lsp/_meta.lua , size = 0.585 KB
[09:30:03.094][info] [#0:script/workspace/loading.lua:112]: ++++As library of:	file:///usr/share/nvim/runtime/lua
[09:30:03.094][info] [#0:script/workspace/loading.lua:100]: Preload file at: file:///usr/share/nvim/runtime/lua/vim/lsp/_snippet_grammar.lua , size = 6.228 KB
[09:30:03.096][info] [#0:script/workspace/loading.lua:112]: ++++As library of:	file:///usr/share/nvim/runtime/lua
[09:30:03.096][info] [#0:script/workspace/loading.lua:100]: Preload file at: file:///usr/share/nvim/runtime/lua/vim/lsp/_meta/protocol.lua , size = 188.964 KB
[09:30:03.122][info] [#0:script/workspace/loading.lua:112]: ++++As library of:	file:///usr/share/nvim/runtime/lua
[09:30:03.122][info] [#0:script/workspace/loading.lua:100]: Preload file at: file:///usr/share/nvim/runtime/lua/vim/lsp/_tagfunc.lua , size = 3.236 KB
[09:30:03.123][info] [#0:script/workspace/loading.lua:112]: ++++As library of:	file:///usr/share/nvim/runtime/lua
[09:30:03.123][info] [#0:script/workspace/loading.lua:100]: Preload file at: file:///usr/share/nvim/runtime/lua/vim/lsp/_transport.lua , size = 5.152 KB
[09:30:03.125][info] [#0:script/workspace/loading.lua:112]: ++++As library of:	file:///usr/share/nvim/runtime/lua
[09:30:03.125][info] [#0:script/workspace/loading.lua:100]: Preload file at: file:///usr/share/nvim/runtime/lua/vim/lsp/_watchfiles.lua , size = 6.813 KB
[09:30:03.127][info] [#0:script/workspace/loading.lua:112]: ++++As library of:	file:///usr/share/nvim/runtime/lua
[09:30:03.127][info] [#0:script/workspace/loading.lua:100]: Preload file at: file:///usr/share/nvim/runtime/lua/vim/lsp/buf.lua , size = 42.593 KB
[09:30:03.137][info] [#0:script/workspace/loading.lua:112]: ++++As library of:	file:///usr/share/nvim/runtime/lua
[09:30:03.137][info] [#0:script/workspace/loading.lua:100]: Preload file at: file:///usr/share/nvim/runtime/lua/vim/lsp/client.lua , size = 40.437 KB
[09:30:03.147][info] [#0:script/workspace/loading.lua:112]: ++++As library of:	file:///usr/share/nvim/runtime/lua
[09:30:03.147][info] [#0:script/workspace/loading.lua:100]: Preload file at: file:///usr/share/nvim/runtime/lua/vim/lsp/codelens.lua , size = 9.245 KB
[09:30:03.150][info] [#0:script/workspace/loading.lua:112]: ++++As library of:	file:///usr/share/nvim/runtime/lua
[09:30:03.150][info] [#0:script/workspace/loading.lua:100]: Preload file at: file:///usr/share/nvim/runtime/lua/vim/lsp/completion.lua , size = 26.967 KB
[09:30:03.157][info] [#0:script/workspace/loading.lua:112]: ++++As library of:	file:///usr/share/nvim/runtime/lua
[09:30:03.157][info] [#0:script/workspace/loading.lua:100]: Preload file at: file:///usr/share/nvim/runtime/lua/vim/lsp/diagnostic.lua , size = 11.717 KB
[09:30:03.160][info] [#0:script/workspace/loading.lua:112]: ++++As library of:	file:///usr/share/nvim/runtime/lua
[09:30:03.161][info] [#0:script/workspace/loading.lua:100]: Preload file at: file:///usr/share/nvim/runtime/lua/vim/lsp/handlers.lua , size = 24.316 KB
[09:30:03.167][info] [#0:script/workspace/loading.lua:112]: ++++As library of:	file:///usr/share/nvim/runtime/lua
[09:30:03.167][info] [#0:script/workspace/loading.lua:100]: Preload file at: file:///usr/share/nvim/runtime/lua/vim/lsp/health.lua , size = 7.174 KB
[09:30:03.169][info] [#0:script/workspace/loading.lua:112]: ++++As library of:	file:///usr/share/nvim/runtime/lua
[09:30:03.169][info] [#0:script/workspace/loading.lua:100]: Preload file at: file:///usr/share/nvim/runtime/lua/vim/lsp/inlay_hint.lua , size = 11.911 KB
[09:30:03.172][info] [#0:script/workspace/loading.lua:112]: ++++As library of:	file:///usr/share/nvim/runtime/lua
[09:30:03.172][info] [#0:script/workspace/loading.lua:100]: Preload file at: file:///usr/share/nvim/runtime/lua/vim/lsp/log.lua , size = 4.845 KB
[09:30:03.174][info] [#0:script/workspace/loading.lua:112]: ++++As library of:	file:///usr/share/nvim/runtime/lua
[09:30:03.174][info] [#0:script/workspace/loading.lua:100]: Preload file at: file:///usr/share/nvim/runtime/lua/vim/lsp/rpc.lua , size = 22.153 KB
[09:30:03.180][info] [#0:script/workspace/loading.lua:112]: ++++As library of:	file:///usr/share/nvim/runtime/lua
[09:30:03.180][info] [#0:script/workspace/loading.lua:100]: Preload file at: file:///usr/share/nvim/runtime/lua/vim/lsp/protocol.lua , size = 44.826 KB
[09:30:03.216][info] [#0:script/workspace/loading.lua:112]: ++++As library of:	file:///usr/share/nvim/runtime/lua
[09:30:03.216][info] [#0:script/workspace/loading.lua:100]: Preload file at: file:///usr/share/nvim/runtime/lua/vim/lsp/semantic_tokens.lua , size = 27.239 KB
[09:30:03.222][info] [#0:script/workspace/loading.lua:112]: ++++As library of:	file:///usr/share/nvim/runtime/lua
[09:30:03.222][info] [#0:script/workspace/loading.lua:100]: Preload file at: file:///usr/share/nvim/runtime/lua/vim/lsp/sync.lua , size = 15.728 KB
[09:30:03.225][info] [#0:script/workspace/loading.lua:112]: ++++As library of:	file:///usr/share/nvim/runtime/lua
[09:30:03.225][info] [#0:script/workspace/loading.lua:100]: Preload file at: file:///usr/share/nvim/runtime/lua/vim/lsp/util.lua , size = 74.819 KB
[09:30:03.245][info] [#0:script/workspace/loading.lua:112]: ++++As library of:	file:///usr/share/nvim/runtime/lua
[09:30:03.245][info] [#0:script/workspace/loading.lua:100]: Preload file at: file:///usr/share/nvim/runtime/lua/vim/lsp.lua , size = 49.254 KB
[09:30:03.256][info] [#0:script/workspace/loading.lua:112]: ++++As library of:	file:///usr/share/nvim/runtime/lua
[09:30:03.256][info] [#0:script/workspace/loading.lua:100]: Preload file at: file:///usr/share/nvim/runtime/lua/vim/provider/health.lua , size = 28.856 KB
[09:30:03.262][info] [#0:script/workspace/loading.lua:112]: ++++As library of:	file:///usr/share/nvim/runtime/lua
[09:30:03.262][info] [#0:script/workspace/loading.lua:100]: Preload file at: file:///usr/share/nvim/runtime/lua/vim/provider/perl.lua , size = 1.998 KB
[09:30:03.263][info] [#0:script/workspace/loading.lua:112]: ++++As library of:	file:///usr/share/nvim/runtime/lua
[09:30:03.263][info] [#0:script/workspace/loading.lua:100]: Preload file at: file:///usr/share/nvim/runtime/lua/vim/provider/python.lua , size = 4.210 KB
[09:30:03.264][info] [#0:script/workspace/loading.lua:112]: ++++As library of:	file:///usr/share/nvim/runtime/lua
[09:30:03.264][info] [#0:script/workspace/loading.lua:100]: Preload file at: file:///usr/share/nvim/runtime/lua/vim/provider/ruby.lua , size = 1.563 KB
[09:30:03.265][info] [#0:script/workspace/loading.lua:112]: ++++As library of:	file:///usr/share/nvim/runtime/lua
[09:30:03.265][info] [#0:script/workspace/loading.lua:100]: Preload file at: file:///usr/share/nvim/runtime/lua/vim/provider.lua , size = 0.197 KB
[09:30:03.265][info] [#0:script/workspace/loading.lua:112]: ++++As library of:	file:///usr/share/nvim/runtime/lua
[09:30:03.265][info] [#0:script/workspace/loading.lua:100]: Preload file at: file:///usr/share/nvim/runtime/lua/vim/re.lua , size = 6.527 KB
[09:30:03.268][info] [#0:script/workspace/loading.lua:112]: ++++As library of:	file:///usr/share/nvim/runtime/lua
[09:30:03.268][info] [#0:script/workspace/loading.lua:100]: Preload file at: file:///usr/share/nvim/runtime/lua/vim/secure.lua , size = 5.020 KB
[09:30:03.269][info] [#0:script/workspace/loading.lua:112]: ++++As library of:	file:///usr/share/nvim/runtime/lua
[09:30:03.269][info] [#0:script/workspace/loading.lua:100]: Preload file at: file:///usr/share/nvim/runtime/lua/vim/shared.lua , size = 40.536 KB
[09:30:03.280][info] [#0:script/workspace/loading.lua:112]: ++++As library of:	file:///usr/share/nvim/runtime/lua
[09:30:03.280][info] [#0:script/workspace/loading.lua:100]: Preload file at: file:///usr/share/nvim/runtime/lua/vim/snippet.lua , size = 19.794 KB
[09:30:03.285][info] [#0:script/workspace/loading.lua:112]: ++++As library of:	file:///usr/share/nvim/runtime/lua
[09:30:03.285][info] [#0:script/workspace/loading.lua:100]: Preload file at: file:///usr/share/nvim/runtime/lua/vim/termcap.lua , size = 2.952 KB
[09:30:03.286][info] [#0:script/workspace/loading.lua:112]: ++++As library of:	file:///usr/share/nvim/runtime/lua
[09:30:03.286][info] [#0:script/workspace/loading.lua:100]: Preload file at: file:///usr/share/nvim/runtime/lua/vim/text.lua , size = 4.512 KB
[09:30:03.288][info] [#0:script/workspace/loading.lua:112]: ++++As library of:	file:///usr/share/nvim/runtime/lua
[09:30:03.288][info] [#0:script/workspace/loading.lua:100]: Preload file at: file:///usr/share/nvim/runtime/lua/vim/treesitter/_fold.lua , size = 14.803 KB
[09:30:03.291][info] [#0:script/workspace/loading.lua:112]: ++++As library of:	file:///usr/share/nvim/runtime/lua
[09:30:03.291][info] [#0:script/workspace/loading.lua:100]: Preload file at: file:///usr/share/nvim/runtime/lua/vim/treesitter/_headings.lua , size = 3.863 KB
[09:30:03.292][info] [#0:script/workspace/loading.lua:112]: ++++As library of:	file:///usr/share/nvim/runtime/lua
[09:30:03.292][info] [#0:script/workspace/loading.lua:100]: Preload file at: file:///usr/share/nvim/runtime/lua/vim/treesitter/_meta/misc.lua , size = 2.733 KB
[09:30:03.293][info] [#0:script/workspace/loading.lua:112]: ++++As library of:	file:///usr/share/nvim/runtime/lua
[09:30:03.294][info] [#0:script/workspace/loading.lua:100]: Preload file at: file:///usr/share/nvim/runtime/lua/vim/treesitter/_meta/tsnode.lua , size = 5.839 KB
[09:30:03.295][info] [#0:script/workspace/loading.lua:112]: ++++As library of:	file:///usr/share/nvim/runtime/lua
[09:30:03.295][info] [#0:script/workspace/loading.lua:100]: Preload file at: file:///usr/share/nvim/runtime/lua/vim/treesitter/_meta/tsquery.lua , size = 1.860 KB
[09:30:03.296][info] [#0:script/workspace/loading.lua:112]: ++++As library of:	file:///usr/share/nvim/runtime/lua
[09:30:03.296][info] [#0:script/workspace/loading.lua:100]: Preload file at: file:///usr/share/nvim/runtime/lua/vim/treesitter/_meta/tstree.lua , size = 1.234 KB
[09:30:03.296][info] [#0:script/workspace/loading.lua:112]: ++++As library of:	file:///usr/share/nvim/runtime/lua
[09:30:03.296][info] [#0:script/workspace/loading.lua:100]: Preload file at: file:///usr/share/nvim/runtime/lua/vim/treesitter/_query_linter.lua , size = 7.818 KB
[09:30:03.299][info] [#0:script/workspace/loading.lua:112]: ++++As library of:	file:///usr/share/nvim/runtime/lua
[09:30:03.299][info] [#0:script/workspace/loading.lua:100]: Preload file at: file:///usr/share/nvim/runtime/lua/vim/treesitter/_range.lua , size = 3.923 KB
[09:30:03.301][info] [#0:script/workspace/loading.lua:112]: ++++As library of:	file:///usr/share/nvim/runtime/lua
[09:30:03.301][info] [#0:script/workspace/loading.lua:100]: Preload file at: file:///usr/share/nvim/runtime/lua/vim/treesitter/dev.lua , size = 20.854 KB
[09:30:03.307][info] [#0:script/workspace/loading.lua:112]: ++++As library of:	file:///usr/share/nvim/runtime/lua
[09:30:03.307][info] [#0:script/workspace/loading.lua:100]: Preload file at: file:///usr/share/nvim/runtime/lua/vim/treesitter/health.lua , size = 1.551 KB
[09:30:03.308][info] [#0:script/workspace/loading.lua:112]: ++++As library of:	file:///usr/share/nvim/runtime/lua
[09:30:03.308][info] [#0:script/workspace/loading.lua:100]: Preload file at: file:///usr/share/nvim/runtime/lua/vim/treesitter/highlighter.lua , size = 14.278 KB
[09:30:03.312][info] [#0:script/workspace/loading.lua:112]: ++++As library of:	file:///usr/share/nvim/runtime/lua
[09:30:03.312][info] [#0:script/workspace/loading.lua:100]: Preload file at: file:///usr/share/nvim/runtime/lua/vim/treesitter/language.lua , size = 5.382 KB
[09:30:03.313][info] [#0:script/workspace/loading.lua:112]: ++++As library of:	file:///usr/share/nvim/runtime/lua
[09:30:03.313][info] [#0:script/workspace/loading.lua:100]: Preload file at: file:///usr/share/nvim/runtime/lua/vim/treesitter/languagetree.lua , size = 40.234 KB
[09:30:03.324][info] [#0:script/workspace/loading.lua:112]: ++++As library of:	file:///usr/share/nvim/runtime/lua
[09:30:03.325][info] [#0:script/workspace/loading.lua:100]: Preload file at: file:///usr/share/nvim/runtime/lua/vim/treesitter/query.lua , size = 37.908 KB
[09:30:03.334][info] [#0:script/workspace/loading.lua:112]: ++++As library of:	file:///usr/share/nvim/runtime/lua
[09:30:03.334][info] [#0:script/workspace/loading.lua:100]: Preload file at: file:///usr/share/nvim/runtime/lua/vim/treesitter.lua , size = 15.239 KB
[09:30:03.338][info] [#0:script/workspace/loading.lua:112]: ++++As library of:	file:///usr/share/nvim/runtime/lua
[09:30:03.339][info] [#0:script/workspace/loading.lua:100]: Preload file at: file:///usr/share/nvim/runtime/lua/vim/ui/clipboard/osc52.lua , size = 2.146 KB
[09:30:03.339][info] [#0:script/workspace/loading.lua:112]: ++++As library of:	file:///usr/share/nvim/runtime/lua
[09:30:03.339][info] [#0:script/workspace/loading.lua:100]: Preload file at: file:///usr/share/nvim/runtime/lua/vim/ui.lua , size = 7.683 KB
[09:30:03.341][info] [#0:script/workspace/loading.lua:112]: ++++As library of:	file:///usr/share/nvim/runtime/lua
[09:30:03.342][info] [#0:script/workspace/loading.lua:100]: Preload file at: file:///usr/share/nvim/runtime/lua/vim/uri.lua , size = 3.614 KB
[09:30:03.343][info] [#0:script/workspace/loading.lua:112]: ++++As library of:	file:///usr/share/nvim/runtime/lua
[09:30:03.343][info] [#0:script/workspace/loading.lua:100]: Preload file at: file:///usr/share/nvim/runtime/lua/vim/version.lua , size = 13.701 KB
[09:30:03.347][info] [#0:script/workspace/loading.lua:112]: ++++As library of:	file:///usr/share/nvim/runtime/lua
[09:30:03.347][info] [#0:script/workspace/loading.lua:100]: Preload file at: file:///home/adam/.dotfiles/nvim/.local/share/nvim/mason/packages/lua-language-server/libexec/meta/LuaJIT%20en-us%20utf8/coroutine.lua , size = 2.541 KB
[09:30:03.348][info] [#0:script/workspace/loading.lua:112]: ++++As library of:	file:///home/adam/.dotfiles/nvim/.local/share/nvim/mason/packages/lua-language-server/libexec/meta/LuaJIT%20en-us%20utf8/coroutine.lua
[09:30:03.348][info] [#0:script/workspace/loading.lua:100]: Preload file at: file:///home/adam/.dotfiles/nvim/.local/share/nvim/mason/packages/lua-language-server/libexec/meta/LuaJIT%20en-us%20utf8/io.lua , size = 6.364 KB
[09:30:03.350][info] [#0:script/workspace/loading.lua:112]: ++++As library of:	file:///home/adam/.dotfiles/nvim/.local/share/nvim/mason/packages/lua-language-server/libexec/meta/LuaJIT%20en-us%20utf8/io.lua
[09:30:03.350][info] [#0:script/workspace/loading.lua:100]: Preload file at: file:///home/adam/.dotfiles/nvim/.local/share/nvim/mason/packages/lua-language-server/libexec/meta/LuaJIT%20en-us%20utf8/table.lua , size = 4.445 KB
[09:30:03.351][info] [#0:script/workspace/loading.lua:112]: ++++As library of:	file:///home/adam/.dotfiles/nvim/.local/share/nvim/mason/packages/lua-language-server/libexec/meta/LuaJIT%20en-us%20utf8/table.lua
[09:30:03.351][info] [#0:script/workspace/loading.lua:100]: Preload file at: file:///home/adam/.dotfiles/nvim/.local/share/nvim/mason/packages/lua-language-server/libexec/meta/LuaJIT%20en-us%20utf8/table/clear.lua , size = 0.797 KB
[09:30:03.352][info] [#0:script/workspace/loading.lua:112]: ++++As library of:	file:///home/adam/.dotfiles/nvim/.local/share/nvim/mason/packages/lua-language-server/libexec/meta/LuaJIT%20en-us%20utf8/table/clear.lua
[09:30:03.352][info] [#0:script/workspace/loading.lua:100]: Preload file at: file:///home/adam/.dotfiles/nvim/.local/share/nvim/mason/packages/lua-language-server/libexec/meta/LuaJIT%20en-us%20utf8/string.lua , size = 5.217 KB
[09:30:03.353][info] [#0:script/workspace/loading.lua:112]: ++++As library of:	file:///home/adam/.dotfiles/nvim/.local/share/nvim/mason/packages/lua-language-server/libexec/meta/LuaJIT%20en-us%20utf8/string.lua
[09:30:03.353][info] [#0:script/workspace/loading.lua:100]: Preload file at: file:///home/adam/.dotfiles/nvim/.local/share/nvim/mason/packages/lua-language-server/libexec/meta/LuaJIT%20en-us%20utf8/table/new.lua , size = 0.642 KB
[09:30:03.354][info] [#0:script/workspace/loading.lua:112]: ++++As library of:	file:///home/adam/.dotfiles/nvim/.local/share/nvim/mason/packages/lua-language-server/libexec/meta/LuaJIT%20en-us%20utf8/table/new.lua
[09:30:03.354][info] [#0:script/workspace/loading.lua:100]: Preload file at: file:///home/adam/.dotfiles/nvim/.local/share/nvim/lazy/codeium.nvim/lua/codeium/api.lua , size = 12.575 KB
[09:30:03.357][info] [#0:script/workspace/loading.lua:112]: ++++As library of:	file:///home/adam/.dotfiles/nvim/.local/share/nvim/lazy/codeium.nvim/lua
[09:30:03.357][info] [#0:script/workspace/loading.lua:88]: Skip loaded file: file:///home/adam/.dotfiles/nvim/.local/share/nvim/lazy/codeium.nvim/lua/codeium/config.lua
[09:30:03.357][info] [#0:script/workspace/loading.lua:112]: ++++As library of:	file:///home/adam/.dotfiles/nvim/.local/share/nvim/lazy/codeium.nvim/lua
[09:30:03.357][info] [#0:script/workspace/loading.lua:100]: Preload file at: file:///home/adam/.dotfiles/nvim/.local/share/nvim/lazy/codeium.nvim/lua/codeium/enums.lua , size = 1.121 KB
[09:30:03.358][info] [#0:script/workspace/loading.lua:112]: ++++As library of:	file:///home/adam/.dotfiles/nvim/.local/share/nvim/lazy/codeium.nvim/lua
[09:30:03.358][info] [#0:script/workspace/loading.lua:100]: Preload file at: file:///home/adam/.dotfiles/nvim/.local/share/nvim/lazy/codeium.nvim/lua/codeium/health.lua , size = 1.034 KB
[09:30:03.358][info] [#0:script/workspace/loading.lua:112]: ++++As library of:	file:///home/adam/.dotfiles/nvim/.local/share/nvim/lazy/codeium.nvim/lua
[09:30:03.358][info] [#0:script/workspace/loading.lua:100]: Preload file at: file:///home/adam/.dotfiles/nvim/.local/share/nvim/lazy/codeium.nvim/lua/codeium/init.lua , size = 1.053 KB
[09:30:03.359][info] [#0:script/workspace/loading.lua:112]: ++++As library of:	file:///home/adam/.dotfiles/nvim/.local/share/nvim/lazy/codeium.nvim/lua
[09:30:03.359][info] [#0:script/workspace/loading.lua:100]: Preload file at: file:///home/adam/.dotfiles/nvim/.local/share/nvim/lazy/codeium.nvim/lua/codeium/io.lua , size = 9.583 KB
[09:30:03.362][info] [#0:script/workspace/loading.lua:112]: ++++As library of:	file:///home/adam/.dotfiles/nvim/.local/share/nvim/lazy/codeium.nvim/lua
[09:30:03.362][info] [#0:script/workspace/loading.lua:100]: Preload file at: file:///home/adam/.dotfiles/nvim/.local/share/nvim/lazy/codeium.nvim/lua/codeium/log.lua , size = 0.132 KB
[09:30:03.362][info] [#0:script/workspace/loading.lua:112]: ++++As library of:	file:///home/adam/.dotfiles/nvim/.local/share/nvim/lazy/codeium.nvim/lua
[09:30:03.362][info] [#0:script/workspace/loading.lua:100]: Preload file at: file:///home/adam/.dotfiles/nvim/.local/share/nvim/lazy/codeium.nvim/lua/codeium/notify.lua , size = 0.606 KB
[09:30:03.363][info] [#0:script/workspace/loading.lua:112]: ++++As library of:	file:///home/adam/.dotfiles/nvim/.local/share/nvim/lazy/codeium.nvim/lua
[09:30:03.363][info] [#0:script/workspace/loading.lua:100]: Preload file at: file:///home/adam/.dotfiles/nvim/.local/share/nvim/lazy/codeium.nvim/lua/codeium/source.lua , size = 5.115 KB
[09:30:03.364][info] [#0:script/workspace/loading.lua:112]: ++++As library of:	file:///home/adam/.dotfiles/nvim/.local/share/nvim/lazy/codeium.nvim/lua
[09:30:03.364][info] [#0:script/workspace/loading.lua:100]: Preload file at: file:///home/adam/.dotfiles/nvim/.local/share/nvim/lazy/codeium.nvim/lua/codeium/update.lua , size = 3.432 KB
[09:30:03.365][info] [#0:script/workspace/loading.lua:112]: ++++As library of:	file:///home/adam/.dotfiles/nvim/.local/share/nvim/lazy/codeium.nvim/lua
[09:30:03.365][info] [#0:script/workspace/loading.lua:100]: Preload file at: file:///home/adam/.dotfiles/nvim/.local/share/nvim/lazy/codeium.nvim/lua/codeium/util.lua , size = 3.091 KB
[09:30:03.366][info] [#0:script/workspace/loading.lua:112]: ++++As library of:	file:///home/adam/.dotfiles/nvim/.local/share/nvim/lazy/codeium.nvim/lua
[09:30:03.366][info] [#0:script/workspace/loading.lua:100]: Preload file at: file:///home/adam/.dotfiles/nvim/.local/share/nvim/lazy/codeium.nvim/lua/codeium/versions.lua , size = 0.919 KB
[09:30:03.367][info] [#0:script/workspace/loading.lua:112]: ++++As library of:	file:///home/adam/.dotfiles/nvim/.local/share/nvim/lazy/codeium.nvim/lua
[09:30:03.367][info] [#0:script/workspace/loading.lua:100]: Preload file at: file:///home/adam/.dotfiles/nvim/.local/share/nvim/lazy/codeium.nvim/lua/codeium/views/auth-menu.lua , size = 2.069 KB
[09:30:03.368][info] [#0:script/workspace/loading.lua:112]: ++++As library of:	file:///home/adam/.dotfiles/nvim/.local/share/nvim/lazy/codeium.nvim/lua
[09:30:03.368][info] [#0:script/workspace/loading.lua:100]: Preload file at: file:///home/adam/.dotfiles/nvim/.local/share/nvim/lazy/codeium.nvim/lua/codeium/virtual_text.lua , size = 13.938 KB
[09:30:03.372][info] [#0:script/workspace/loading.lua:112]: ++++As library of:	file:///home/adam/.dotfiles/nvim/.local/share/nvim/lazy/codeium.nvim/lua
[09:30:03.372][info] [#0:script/workspace/loading.lua:100]: Preload file at: file:///home/adam/.dotfiles/nvim/.local/share/nvim/mason/packages/lua-language-server/libexec/meta/LuaJIT%20en-us%20utf8/bit.lua , size = 1.243 KB
[09:30:03.373][info] [#0:script/workspace/loading.lua:112]: ++++As library of:	file:///home/adam/.dotfiles/nvim/.local/share/nvim/mason/packages/lua-language-server/libexec/meta/LuaJIT%20en-us%20utf8/bit.lua
[09:30:03.373][info] [#0:script/workspace/loading.lua:100]: Preload file at: file:///home/adam/.dotfiles/nvim/.local/share/nvim/mason/packages/lua-language-server/libexec/meta/LuaJIT%20en-us%20utf8/builtin.lua , size = 0.302 KB
[09:30:03.373][info] [#0:script/workspace/loading.lua:112]: ++++As library of:	file:///home/adam/.dotfiles/nvim/.local/share/nvim/mason/packages/lua-language-server/libexec/meta/LuaJIT%20en-us%20utf8/builtin.lua
[09:30:03.373][info] [#0:script/workspace/loading.lua:100]: Preload file at: file:///home/adam/.dotfiles/nvim/.local/share/nvim/mason/packages/lua-language-server/libexec/meta/LuaJIT%20en-us%20utf8/string/buffer.lua , size = 18.123 KB
[09:30:03.375][info] [#0:script/workspace/loading.lua:112]: ++++As library of:	file:///home/adam/.dotfiles/nvim/.local/share/nvim/mason/packages/lua-language-server/libexec/meta/LuaJIT%20en-us%20utf8/string/buffer.lua
[09:30:03.375][info] [#0:script/workspace/loading.lua:100]: Preload file at: file:///home/adam/.dotfiles/nvim/.local/share/nvim/mason/packages/lua-language-server/libexec/meta/LuaJIT%20en-us%20utf8/debug.lua , size = 7.310 KB
[09:30:03.377][info] [#0:script/workspace/loading.lua:112]: ++++As library of:	file:///home/adam/.dotfiles/nvim/.local/share/nvim/mason/packages/lua-language-server/libexec/meta/LuaJIT%20en-us%20utf8/debug.lua
[09:30:03.377][info] [#0:script/workspace/loading.lua:100]: Preload file at: file:///home/adam/.dotfiles/nvim/.local/share/nvim/mason/packages/lua-language-server/libexec/meta/LuaJIT%20en-us%20utf8/basic.lua , size = 15.443 KB
[09:30:03.381][info] [#0:script/workspace/loading.lua:112]: ++++As library of:	file:///home/adam/.dotfiles/nvim/.local/share/nvim/mason/packages/lua-language-server/libexec/meta/LuaJIT%20en-us%20utf8/basic.lua
[09:30:03.381][info] [#0:script/workspace/loading.lua:100]: Preload file at: file:///home/adam/.dotfiles/nvim/.local/share/nvim/mason/packages/lua-language-server/libexec/meta/LuaJIT%20en-us%20utf8/ffi.lua , size = 2.529 KB
[09:30:03.382][info] [#0:script/workspace/loading.lua:112]: ++++As library of:	file:///home/adam/.dotfiles/nvim/.local/share/nvim/mason/packages/lua-language-server/libexec/meta/LuaJIT%20en-us%20utf8/ffi.lua
[09:30:03.382][info] [#0:script/workspace/loading.lua:100]: Preload file at: file:///home/adam/.dotfiles/nvim/.local/share/nvim/mason/packages/lua-language-server/libexec/meta/LuaJIT%20en-us%20utf8/jit/profile.lua , size = 0.348 KB
[09:30:03.383][info] [#0:script/workspace/loading.lua:112]: ++++As library of:	file:///home/adam/.dotfiles/nvim/.local/share/nvim/mason/packages/lua-language-server/libexec/meta/LuaJIT%20en-us%20utf8/jit/profile.lua
[09:30:03.383][info] [#0:script/workspace/loading.lua:100]: Preload file at: file:///home/adam/.dotfiles/nvim/.local/share/nvim/mason/packages/lua-language-server/libexec/meta/LuaJIT%20en-us%20utf8/package.lua , size = 2.699 KB
[09:30:03.384][info] [#0:script/workspace/loading.lua:112]: ++++As library of:	file:///home/adam/.dotfiles/nvim/.local/share/nvim/mason/packages/lua-language-server/libexec/meta/LuaJIT%20en-us%20utf8/package.lua
[09:30:03.384][info] [#0:script/workspace/loading.lua:100]: Preload file at: file:///home/adam/.dotfiles/nvim/.local/share/nvim/mason/packages/lua-language-server/libexec/meta/LuaJIT%20en-us%20utf8/jit.lua , size = 0.884 KB
[09:30:03.384][info] [#0:script/workspace/loading.lua:112]: ++++As library of:	file:///home/adam/.dotfiles/nvim/.local/share/nvim/mason/packages/lua-language-server/libexec/meta/LuaJIT%20en-us%20utf8/jit.lua
[09:30:03.384][info] [#0:script/workspace/loading.lua:100]: Preload file at: file:///home/adam/.dotfiles/nvim/.local/share/nvim/mason/packages/lua-language-server/libexec/meta/LuaJIT%20en-us%20utf8/os.lua , size = 5.611 KB
[09:30:03.386][info] [#0:script/workspace/loading.lua:112]: ++++As library of:	file:///home/adam/.dotfiles/nvim/.local/share/nvim/mason/packages/lua-language-server/libexec/meta/LuaJIT%20en-us%20utf8/os.lua
[09:30:03.386][info] [#0:script/workspace/loading.lua:100]: Preload file at: file:///home/adam/.dotfiles/nvim/.local/share/nvim/mason/packages/lua-language-server/libexec/meta/LuaJIT%20en-us%20utf8/math.lua , size = 7.982 KB
[09:30:03.388][info] [#0:script/workspace/loading.lua:112]: ++++As library of:	file:///home/adam/.dotfiles/nvim/.local/share/nvim/mason/packages/lua-language-server/libexec/meta/LuaJIT%20en-us%20utf8/math.lua
[09:30:03.388][info] [#0:script/workspace/loading.lua:172]: Loaded files takes [0.667] sec: file:///home/adam/.dotfiles/nvim/.local/share/nvim/lazy/codeium.nvim
[09:30:03.388][info] [#0:script/workspace/loading.lua:181]: Compile files takes [0.000] sec: file:///home/adam/.dotfiles/nvim/.local/share/nvim/lazy/codeium.nvim
[09:30:03.388][info] [#0:script/workspace/loading.lua:182]: Loaded finish:	file:///home/adam/.dotfiles/nvim/.local/share/nvim/lazy/codeium.nvim
[09:30:03.388][info] [#0:script/workspace/workspace.lua:381]: Preload finish at:	file:///home/adam/.dotfiles/nvim/.local/share/nvim/lazy/codeium.nvim
[09:30:03.401][info] [#0:script/provider/diagnostic.lua:560]: Diagnostics scope [file:///home/adam/.dotfiles/nvim/.local/share/nvim/lazy/codeium.nvim], files count:[136]
[09:30:03.401][warn] [#0:script/proto/proto.lua:189]: Method [textDocument/didOpen] takes [0.702]sec. {
  jsonrpc = "2.0",
  method = "textDocument/didOpen",
  params = {
    textDocument = {
      languageId = "lua",
      text = '"***"',
      uri = "file:///home/adam/.dotfiles/nvim/.local/share/nvim/lazy/codeium.nvim/lua/codeium/config.lua",
      version = 0
    }
  }
}
[09:30:03.412][warn] [#0:script/proto/proto.lua:189]: Method [textDocument/semanticTokens/full] takes [0.696]sec. {
  id = 12,
  jsonrpc = "2.0",
  method = "textDocument/semanticTokens/full",
  params = {
    textDocument = {
      uri = "file:///home/adam/.dotfiles/nvim/.local/share/nvim/lazy/codeium.nvim/lua/codeium/config.lua"
    }
  }
}
[09:30:03.415][warn] [#0:script/proto/proto.lua:189]: Method [textDocument/inlayHint] takes [0.697]sec. {
  id = 9,
  jsonrpc = "2.0",
  method = "textDocument/inlayHint",
  params = {
    range = {
      end = {
        character = 0,
        line = 102
      },
      start = {
        character = 0,
        line = 0
      }
    },
    textDocument = {
      uri = "file:///home/adam/.dotfiles/nvim/.local/share/nvim/lazy/codeium.nvim/lua/codeium/config.lua"
    }
  }
}
[09:30:03.415][warn] [#0:script/proto/proto.lua:189]: Method [textDocument/inlayHint] takes [0.697]sec. {
  id = 11,
  jsonrpc = "2.0",
  method = "textDocument/inlayHint",
  params = {
    range = {
      end = {
        character = 0,
        line = 102
      },
      start = {
        character = 0,
        line = 0
      }
    },
    textDocument = {
      uri = "file:///home/adam/.dotfiles/nvim/.local/share/nvim/lazy/codeium.nvim/lua/codeium/config.lua"
    }
  }
}
[09:30:03.415][warn] [#0:script/proto/proto.lua:189]: Method [textDocument/inlayHint] takes [0.697]sec. {
  id = 13,
  jsonrpc = "2.0",
  method = "textDocument/inlayHint",
  params = {
    range = {
      end = {
        character = 0,
        line = 102
      },
      start = {
        character = 0,
        line = 0
      }
    },
    textDocument = {
      uri = "file:///home/adam/.dotfiles/nvim/.local/share/nvim/lazy/codeium.nvim/lua/codeium/config.lua"
    }
  }
}
[09:30:03.434][warn] [#0:script/proto/proto.lua:189]: Method [textDocument/documentSymbol] takes [0.717]sec. {
  id = 2,
  jsonrpc = "2.0",
  method = "textDocument/documentSymbol",
  params = {
    textDocument = {
      uri = "file:///home/adam/.dotfiles/nvim/.local/share/nvim/lazy/codeium.nvim/lua/codeium/config.lua"
    }
  }
}
[09:30:03.435][warn] [#0:script/proto/proto.lua:189]: Method [textDocument/documentSymbol] takes [0.718]sec. {
  id = 6,
  jsonrpc = "2.0",
  method = "textDocument/documentSymbol",
  params = {
    textDocument = {
      uri = "file:///home/adam/.dotfiles/nvim/.local/share/nvim/lazy/codeium.nvim/lua/codeium/config.lua"
    }
  }
}
[09:30:03.435][warn] [#0:script/proto/proto.lua:189]: Method [textDocument/documentSymbol] takes [0.705]sec. {
  id = 7,
  jsonrpc = "2.0",
  method = "textDocument/documentSymbol",
  params = {
    textDocument = {
      uri = "file:///home/adam/.dotfiles/nvim/.local/share/nvim/lazy/codeium.nvim/lua/codeium/config.lua"
    }
  }
}
[09:30:03.457][info] [#0:script/provider/diagnostic.lua:577]: Diagnostics scope [file:///home/adam/.dotfiles/nvim/.local/share/nvim/lazy/codeium.nvim] finished, takes [0.022] sec.
[09:30:11.281][warn] [#0:script/pub/report.lua:24]: Load proto error:	Disconnected!
