[15:23:05.505][info] [#0:/home/adam/.dotfiles/nvim/.local/share/nvim/mason/packages/lua-language-server/libexec/main.lua:68]: Lua Lsp startup, root: 	/home/adam/.dotfiles/nvim/.local/share/nvim/mason/packages/lua-language-server/libexec
[15:23:05.506][info] [#0:/home/adam/.dotfiles/nvim/.local/share/nvim/mason/packages/lua-language-server/libexec/main.lua:69]: ROOT:	/home/adam/.dotfiles/nvim/.local/share/nvim/mason/packages/lua-language-server/libexec
[15:23:05.506][info] [#0:/home/adam/.dotfiles/nvim/.local/share/nvim/mason/packages/lua-language-server/libexec/main.lua:70]: LOGPATH:	/home/adam/.dotfiles/nvim/.local/share/nvim/mason/packages/lua-language-server/libexec/log
[15:23:05.506][info] [#0:/home/adam/.dotfiles/nvim/.local/share/nvim/mason/packages/lua-language-server/libexec/main.lua:71]: METAPATH:	/home/adam/.dotfiles/nvim/.local/share/nvim/mason/packages/lua-language-server/libexec/meta
[15:23:05.506][info] [#0:/home/adam/.dotfiles/nvim/.local/share/nvim/mason/packages/lua-language-server/libexec/main.lua:72]: VERSION:	3.14.0
[15:23:05.518][info] [#0:script/proto/proto.lua:260]: Listen Mode: stdio
[15:23:05.518][info] [#0:script/service/service.lua:145]: 
========= Medical Examination Report =========
    --------------- Memory ---------------
        Total: 2.264 MB
        # 00 : 2.264 MB
        # 01 : 0.000 MB
        # 02 : 0.000 MB
        # 03 : 0.000 MB
        # 04 : 0.000 MB
    --------------- Coroutine ---------------
        Total:     0
        Running:   0
        Suspended: 0
        Normal:    0
        Dead:      0
    --------------- Cache ---------------
        Total: 1
        Dead:  0
    ---------------  RPC  ---------------
        Holdon:   0
        Waiting:  0
==============================================
[15:23:05.621][info] [#0:script/client.lua:657]: Client init	{
  capabilities = {
    general = {
      positionEncodings = { "utf-8", "utf-16", "utf-32" }
    },
    textDocument = {
      callHierarchy = {
        dynamicRegistration = false
      },
      codeAction = {
        codeActionLiteralSupport = {
          codeActionKind = {
            valueSet = { "", "quickfix", "refactor", "refactor.extract", "refactor.inline", "refactor.rewrite", "source", "source.organizeImports" }
          }
        },
        dataSupport = true,
        dynamicRegistration = true,
        isPreferredSupport = true,
        resolveSupport = {
          properties = { "edit", "command" }
        }
      },
      codeLens = {
        dynamicRegistration = false,
        resolveSupport = {
          properties = { "command" }
        }
      },
      completion = {
        completionItem = {
          commitCharactersSupport = false,
          deprecatedSupport = true,
          documentationFormat = { "markdown", "plaintext" },
          insertReplaceSupport = true,
          insertTextModeSupport = {
            valueSet = { 1 }
          },
          labelDetailsSupport = true,
          preselectSupport = false,
          resolveSupport = {
            properties = { "documentation", "detail", "additionalTextEdits", "command", "data" }
          },
          snippetSupport = true,
          tagSupport = {
            valueSet = { 1 }
          }
        },
        completionItemKind = {
          valueSet = { 1, 2, 3, 4, 5, 6, 7, 8, 9, 10, 11, 12, 13, 14, 15, 16, 17, 18, 19, 20, 21, 22, 23, 24, 25 }
        },
        completionList = {
          itemDefaults = { "commitCharacters", "editRange", "insertTextFormat", "insertTextMode", "data" }
        },
        contextSupport = true,
        dynamicRegistration = false,
        insertTextMode = 1
      },
      declaration = {
        linkSupport = true
      },
      definition = {
        dynamicRegistration = true,
        linkSupport = true
      },
      diagnostic = {
        dynamicRegistration = false
      },
      documentHighlight = {
        dynamicRegistration = false
      },
      documentSymbol = {
        dynamicRegistration = false,
        hierarchicalDocumentSymbolSupport = true,
        symbolKind = {
          valueSet = { 1, 2, 3, 4, 5, 6, 7, 8, 9, 10, 11, 12, 13, 14, 15, 16, 17, 18, 19, 20, 21, 22, 23, 24, 25, 26 }
        }
      },
      foldingRange = {
        dynamicRegistration = false,
        foldingRange = {
          collapsedText = true
        },
        lineFoldingOnly = true
      },
      formatting = {
        dynamicRegistration = true
      },
      hover = {
        contentFormat = { "markdown", "plaintext" },
        dynamicRegistration = true
      },
      implementation = {
        linkSupport = true
      },
      inlayHint = {
        dynamicRegistration = true,
        resolveSupport = {
          properties = { "textEdits", "tooltip", "location", "command" }
        }
      },
      publishDiagnostics = {
        dataSupport = true,
        relatedInformation = true,
        tagSupport = {
          valueSet = { 1, 2 }
        }
      },
      rangeFormatting = {
        dynamicRegistration = true,
        rangesSupport = true
      },
      references = {
        dynamicRegistration = false
      },
      rename = {
        dynamicRegistration = true,
        prepareSupport = true
      },
      semanticTokens = {
        augmentsSyntaxTokens = true,
        dynamicRegistration = false,
        formats = { "relative" },
        multilineTokenSupport = false,
        overlappingTokenSupport = true,
        requests = {
          full = {
            delta = true
          },
          range = false
        },
        serverCancelSupport = false,
        tokenModifiers = { "declaration", "definition", "readonly", "static", "deprecated", "abstract", "async", "modification", "documentation", "defaultLibrary" },
        tokenTypes = { "namespace", "type", "class", "enum", "interface", "struct", "typeParameter", "parameter", "variable", "property", "enumMember", "event", "function", "method", "macro", "keyword", "modifier", "comment", "string", "number", "regexp", "operator", "decorator" }
      },
      signatureHelp = {
        dynamicRegistration = false,
        signatureInformation = {
          activeParameterSupport = true,
          documentationFormat = { "markdown", "plaintext" },
          parameterInformation = {
            labelOffsetSupport = true
          }
        }
      },
      synchronization = {
        didSave = true,
        dynamicRegistration = false,
        willSave = true,
        willSaveWaitUntil = true
      },
      typeDefinition = {
        linkSupport = true
      }
    },
    window = {
      showDocument = {
        support = true
      },
      showMessage = {
        messageActionItem = {
          additionalPropertiesSupport = true
        }
      },
      workDoneProgress = true
    },
    workspace = {
      applyEdit = true,
      configuration = true,
      didChangeConfiguration = {
        dynamicRegistration = false
      },
      didChangeWatchedFiles = {
        dynamicRegistration = false,
        relativePatternSupport = true
      },
      fileOperations = {
        didRename = true,
        willRename = true
      },
      inlayHint = {
        refreshSupport = true
      },
      semanticTokens = {
        refreshSupport = true
      },
      symbol = {
        dynamicRegistration = false,
        symbolKind = {
          valueSet = { 1, 2, 3, 4, 5, 6, 7, 8, 9, 10, 11, 12, 13, 14, 15, 16, 17, 18, 19, 20, 21, 22, 23, 24, 25, 26 }
        }
      },
      workspaceEdit = {
        resourceOperations = { "rename", "create", "delete" }
      },
      workspaceFolders = true
    }
  },
  clientInfo = {
    name = "Neovim",
    version = "0.11.1+v0.11.1"
  },
  initializationOptions = {},
  processId = 122721,
  trace = "off",
  workDoneToken = "1"
}
[15:23:05.621][info] [#0:script/language.lua:137]: VSC language: nil
[15:23:05.621][info] [#0:script/language.lua:138]: LS  language: en-us
[15:23:05.822][info] [#0:script/workspace/workspace.lua:48]: Workspace create: 	file:///home/adam
[15:23:05.822][info] [#0:script/client.lua:112]: ShowMessage	Error	Your workspace is set to `/home/adam`. Lua language server refused to load this directory. Please check your configuration.[learn more here](https://luals.github.io/wiki/faq#why-is-the-server-scanning-the-wrong-folder)
[15:23:05.823][warn] [#0:script/config/loader.lua:116]: No config?	{}
[15:23:05.823][info] [#0:script/provider/provider.lua:65]: Load config from client	fallback
[15:23:05.823][info] [#0:script/provider/provider.lua:66]: nil
[15:23:05.823][warn] [#0:script/config/loader.lua:116]: No config?	{}
[15:23:05.823][info] [#0:script/provider/provider.lua:65]: Load config from client	fallback
[15:23:05.823][info] [#0:script/provider/provider.lua:66]: nil
[15:23:05.823][info] [#0:script/provider/provider.lua:49]: Load config from client	file:///home/adam
[15:23:05.823][info] [#0:script/provider/provider.lua:50]: {
  Lua = {
    codeLens = {
      enable = true
    },
    completion = {
      callSnippet = "Replace"
    },
    doc = {
      privateName = { "^_" }
    },
    hint = {
      arrayIndex = "Disable",
      enable = true,
      paramName = "Disable",
      paramType = true,
      semicolon = "Disable",
      setType = false
    },
    runtime = {
      path = { "?.lua", "?/init.lua" },
      pathStrict = true,
      version = "LuaJIT"
    },
    workspace = {
      checkThirdParty = false,
      ignoreDir = { "/lua" },
      library = { "/home/adam/.dotfiles/nvim/.local/share/nvim/lazy/neoconf.nvim/types", "/home/adam/.dotfiles/nvim/.local/share/nvim/lazy/neoconf.nvim/types/lua", "/usr/share/nvim/runtime/lua" }
    }
  }
}
[15:23:05.934][info] [#0:script/library.lua:212]: Init builtin library at:	nil
[15:23:05.939][info] [#0:script/provider/provider.lua:49]: Load config from client	file:///home/adam
[15:23:05.939][info] [#0:script/provider/provider.lua:50]: {
  Lua = {
    codeLens = {
      enable = true
    },
    completion = {
      callSnippet = "Replace"
    },
    doc = {
      privateName = { "^_" }
    },
    hint = {
      arrayIndex = "Disable",
      enable = true,
      paramName = "Disable",
      paramType = true,
      semicolon = "Disable",
      setType = false
    },
    runtime = {
      path = { "?.lua", "?/init.lua" },
      pathStrict = true,
      version = "LuaJIT"
    },
    workspace = {
      checkThirdParty = false,
      ignoreDir = { "/lua" },
      library = { "/home/adam/.dotfiles/nvim/.local/share/nvim/lazy/neoconf.nvim/types", "/home/adam/.dotfiles/nvim/.local/share/nvim/lazy/neoconf.nvim/types/lua", "/usr/share/nvim/runtime/lua" }
    }
  }
}
[15:23:05.939][warn] [#0:script/config/loader.lua:116]: No config?	{}
[15:23:05.939][info] [#0:script/provider/provider.lua:65]: Load config from client	fallback
[15:23:05.939][info] [#0:script/provider/provider.lua:66]: nil
[15:23:05.940][warn] [#0:script/config/loader.lua:116]: No config?	{}
[15:23:05.940][info] [#0:script/provider/provider.lua:65]: Load config from client	fallback
[15:23:05.940][info] [#0:script/provider/provider.lua:66]: nil
[15:23:06.040][info] [#0:script/workspace/workspace.lua:324]: Preload start:	<fallback>
[15:23:06.044][info] [#0:script/workspace/workspace.lua:353]: Scan library at:	file:///home/adam/.dotfiles/nvim/.local/share/nvim/mason/packages/lua-language-server/libexec/meta/Lua%205.4%20en-us%20utf8/os.lua
[15:23:06.044][info] [#0:script/library.lua:212]: Init builtin library at:	file:///home/adam
[15:23:06.051][info] [#0:script/workspace/workspace.lua:353]: Scan library at:	file:///home/adam/.dotfiles/nvim/.local/share/nvim/mason/packages/lua-language-server/libexec/meta/Lua%205.4%20en-us%20utf8/table.lua
[15:23:06.051][info] [#0:script/workspace/workspace.lua:353]: Scan library at:	file:///home/adam/.dotfiles/nvim/.local/share/nvim/mason/packages/lua-language-server/libexec/meta/Lua%205.4%20en-us%20utf8/coroutine.lua
[15:23:06.052][info] [#0:script/workspace/workspace.lua:353]: Scan library at:	file:///home/adam/.dotfiles/nvim/.local/share/nvim/mason/packages/lua-language-server/libexec/meta/Lua%205.4%20en-us%20utf8/basic.lua
[15:23:06.052][info] [#0:script/workspace/workspace.lua:353]: Scan library at:	file:///home/adam/.dotfiles/nvim/.local/share/nvim/mason/packages/lua-language-server/libexec/meta/Lua%205.4%20en-us%20utf8/builtin.lua
[15:23:06.052][info] [#0:script/workspace/workspace.lua:353]: Scan library at:	file:///home/adam/.dotfiles/nvim/.local/share/nvim/mason/packages/lua-language-server/libexec/meta/Lua%205.4%20en-us%20utf8/debug.lua
[15:23:06.052][info] [#0:script/workspace/workspace.lua:353]: Scan library at:	file:///home/adam/.dotfiles/nvim/.local/share/nvim/mason/packages/lua-language-server/libexec/meta/Lua%205.4%20en-us%20utf8/math.lua
[15:23:06.052][info] [#0:script/workspace/workspace.lua:353]: Scan library at:	file:///home/adam/.dotfiles/nvim/.local/share/nvim/mason/packages/lua-language-server/libexec/meta/Lua%205.4%20en-us%20utf8/utf8.lua
[15:23:06.052][info] [#0:script/workspace/workspace.lua:353]: Scan library at:	file:///home/adam/.dotfiles/nvim/.local/share/nvim/mason/packages/lua-language-server/libexec/meta/Lua%205.4%20en-us%20utf8/package.lua
[15:23:06.052][info] [#0:script/workspace/workspace.lua:353]: Scan library at:	file:///home/adam/.dotfiles/nvim/.local/share/nvim/mason/packages/lua-language-server/libexec/meta/Lua%205.4%20en-us%20utf8/string.lua
[15:23:06.052][info] [#0:script/workspace/workspace.lua:353]: Scan library at:	file:///home/adam/.dotfiles/nvim/.local/share/nvim/mason/packages/lua-language-server/libexec/meta/Lua%205.4%20en-us%20utf8/io.lua
[15:23:06.153][info] [#0:script/workspace/workspace.lua:324]: Preload start:	file:///home/adam
[15:23:06.159][info] [#0:script/workspace/workspace.lua:353]: Scan library at:	file:///home/adam/.dotfiles/nvim/.local/share/nvim/mason/packages/lua-language-server/libexec/meta/LuaJIT%20en-us%20utf8/math.lua
[15:23:06.159][info] [#0:script/workspace/workspace.lua:379]: Found 11 files at:	<fallback>
[15:23:06.160][info] [#0:script/workspace/loading.lua:160]: Load files from disk:	<fallback>
[15:23:06.160][info] [#0:script/workspace/workspace.lua:353]: Scan library at:	file:///home/adam/.dotfiles/nvim/.local/share/nvim/mason/packages/lua-language-server/libexec/meta/LuaJIT%20en-us%20utf8/os.lua
[15:23:06.160][info] [#0:script/workspace/workspace.lua:353]: Scan library at:	file:///home/adam/.dotfiles/nvim/.local/share/nvim/mason/packages/lua-language-server/libexec/meta/LuaJIT%20en-us%20utf8/jit.lua
[15:23:06.160][info] [#0:script/workspace/workspace.lua:353]: Scan library at:	file:///home/adam/.dotfiles/nvim/.local/share/nvim/mason/packages/lua-language-server/libexec/meta/LuaJIT%20en-us%20utf8/package.lua
[15:23:06.160][info] [#0:script/workspace/workspace.lua:353]: Scan library at:	file:///home/adam/.dotfiles/nvim/.local/share/nvim/mason/packages/lua-language-server/libexec/meta/LuaJIT%20en-us%20utf8/jit/profile.lua
[15:23:06.160][info] [#0:script/workspace/workspace.lua:353]: Scan library at:	file:///home/adam/.dotfiles/nvim/.local/share/nvim/mason/packages/lua-language-server/libexec/meta/LuaJIT%20en-us%20utf8/ffi.lua
[15:23:06.160][info] [#0:script/workspace/loading.lua:100]: Preload file at: file:///home/adam/.dotfiles/nvim/.local/share/nvim/mason/packages/lua-language-server/libexec/meta/Lua%205.4%20en-us%20utf8/io.lua , size = 6.364 KB
[15:23:06.165][info] [#0:script/workspace/loading.lua:112]: ++++As library of:	file:///home/adam/.dotfiles/nvim/.local/share/nvim/mason/packages/lua-language-server/libexec/meta/Lua%205.4%20en-us%20utf8/io.lua
[15:23:06.165][info] [#0:script/workspace/loading.lua:100]: Preload file at: file:///home/adam/.dotfiles/nvim/.local/share/nvim/mason/packages/lua-language-server/libexec/meta/Lua%205.4%20en-us%20utf8/package.lua , size = 2.944 KB
[15:23:06.167][info] [#0:script/workspace/loading.lua:112]: ++++As library of:	file:///home/adam/.dotfiles/nvim/.local/share/nvim/mason/packages/lua-language-server/libexec/meta/Lua%205.4%20en-us%20utf8/package.lua
[15:23:06.167][info] [#0:script/workspace/loading.lua:100]: Preload file at: file:///home/adam/.dotfiles/nvim/.local/share/nvim/mason/packages/lua-language-server/libexec/meta/Lua%205.4%20en-us%20utf8/utf8.lua , size = 2.386 KB
[15:23:06.172][info] [#0:script/workspace/loading.lua:112]: ++++As library of:	file:///home/adam/.dotfiles/nvim/.local/share/nvim/mason/packages/lua-language-server/libexec/meta/Lua%205.4%20en-us%20utf8/utf8.lua
[15:23:06.172][info] [#0:script/workspace/loading.lua:100]: Preload file at: file:///home/adam/.dotfiles/nvim/.local/share/nvim/mason/packages/lua-language-server/libexec/meta/Lua%205.4%20en-us%20utf8/math.lua , size = 8.542 KB
[15:23:06.176][info] [#0:script/workspace/loading.lua:112]: ++++As library of:	file:///home/adam/.dotfiles/nvim/.local/share/nvim/mason/packages/lua-language-server/libexec/meta/Lua%205.4%20en-us%20utf8/math.lua
[15:23:06.176][info] [#0:script/workspace/loading.lua:100]: Preload file at: file:///home/adam/.dotfiles/nvim/.local/share/nvim/mason/packages/lua-language-server/libexec/meta/Lua%205.4%20en-us%20utf8/string.lua , size = 5.234 KB
[15:23:06.178][info] [#0:script/workspace/loading.lua:112]: ++++As library of:	file:///home/adam/.dotfiles/nvim/.local/share/nvim/mason/packages/lua-language-server/libexec/meta/Lua%205.4%20en-us%20utf8/string.lua
[15:23:06.178][info] [#0:script/workspace/workspace.lua:353]: Scan library at:	file:///home/adam/.dotfiles/nvim/.local/share/nvim/mason/packages/lua-language-server/libexec/meta/LuaJIT%20en-us%20utf8/basic.lua
[15:23:06.178][info] [#0:script/workspace/loading.lua:100]: Preload file at: file:///home/adam/.dotfiles/nvim/.local/share/nvim/mason/packages/lua-language-server/libexec/meta/Lua%205.4%20en-us%20utf8/debug.lua , size = 7.637 KB
[15:23:06.181][info] [#0:script/workspace/loading.lua:112]: ++++As library of:	file:///home/adam/.dotfiles/nvim/.local/share/nvim/mason/packages/lua-language-server/libexec/meta/Lua%205.4%20en-us%20utf8/debug.lua
[15:23:06.181][info] [#0:script/workspace/workspace.lua:353]: Scan library at:	file:///home/adam/.dotfiles/nvim/.local/share/nvim/mason/packages/lua-language-server/libexec/meta/LuaJIT%20en-us%20utf8/debug.lua
[15:23:06.181][info] [#0:script/workspace/loading.lua:100]: Preload file at: file:///home/adam/.dotfiles/nvim/.local/share/nvim/mason/packages/lua-language-server/libexec/meta/Lua%205.4%20en-us%20utf8/builtin.lua , size = 0.302 KB
[15:23:06.181][info] [#0:script/workspace/loading.lua:112]: ++++As library of:	file:///home/adam/.dotfiles/nvim/.local/share/nvim/mason/packages/lua-language-server/libexec/meta/Lua%205.4%20en-us%20utf8/builtin.lua
[15:23:06.181][info] [#0:script/workspace/workspace.lua:353]: Scan library at:	file:///home/adam/.dotfiles/nvim/.local/share/nvim/mason/packages/lua-language-server/libexec/meta/LuaJIT%20en-us%20utf8/string/buffer.lua
[15:23:06.181][info] [#0:script/workspace/loading.lua:100]: Preload file at: file:///home/adam/.dotfiles/nvim/.local/share/nvim/mason/packages/lua-language-server/libexec/meta/Lua%205.4%20en-us%20utf8/basic.lua , size = 15.841 KB
[15:23:06.185][info] [#0:script/workspace/loading.lua:112]: ++++As library of:	file:///home/adam/.dotfiles/nvim/.local/share/nvim/mason/packages/lua-language-server/libexec/meta/Lua%205.4%20en-us%20utf8/basic.lua
[15:23:06.185][info] [#0:script/workspace/loading.lua:100]: Preload file at: file:///home/adam/.dotfiles/nvim/.local/share/nvim/mason/packages/lua-language-server/libexec/meta/Lua%205.4%20en-us%20utf8/coroutine.lua , size = 2.590 KB
[15:23:06.185][info] [#0:script/workspace/loading.lua:112]: ++++As library of:	file:///home/adam/.dotfiles/nvim/.local/share/nvim/mason/packages/lua-language-server/libexec/meta/Lua%205.4%20en-us%20utf8/coroutine.lua
[15:23:06.185][info] [#0:script/workspace/workspace.lua:353]: Scan library at:	file:///home/adam/.dotfiles/nvim/.local/share/nvim/mason/packages/lua-language-server/libexec/meta/LuaJIT%20en-us%20utf8/bit.lua
[15:23:06.186][info] [#0:script/workspace/workspace.lua:353]: Scan library at:	file:///home/adam/.dotfiles/nvim/.local/share/nvim/mason/packages/lua-language-server/libexec/meta/LuaJIT%20en-us%20utf8/jit/util.lua
[15:23:06.186][info] [#0:script/workspace/loading.lua:100]: Preload file at: file:///home/adam/.dotfiles/nvim/.local/share/nvim/mason/packages/lua-language-server/libexec/meta/Lua%205.4%20en-us%20utf8/table.lua , size = 4.445 KB
[15:23:06.188][info] [#0:script/workspace/loading.lua:112]: ++++As library of:	file:///home/adam/.dotfiles/nvim/.local/share/nvim/mason/packages/lua-language-server/libexec/meta/Lua%205.4%20en-us%20utf8/table.lua
[15:23:06.188][info] [#0:script/workspace/workspace.lua:353]: Scan library at:	file:///home/adam/.dotfiles/nvim/.local/share/nvim/mason/packages/lua-language-server/libexec/meta/LuaJIT%20en-us%20utf8/builtin.lua
[15:23:06.189][info] [#0:script/workspace/loading.lua:100]: Preload file at: file:///home/adam/.dotfiles/nvim/.local/share/nvim/mason/packages/lua-language-server/libexec/meta/Lua%205.4%20en-us%20utf8/os.lua , size = 5.611 KB
[15:23:06.190][info] [#0:script/workspace/loading.lua:112]: ++++As library of:	file:///home/adam/.dotfiles/nvim/.local/share/nvim/mason/packages/lua-language-server/libexec/meta/Lua%205.4%20en-us%20utf8/os.lua
[15:23:06.190][info] [#0:script/workspace/loading.lua:172]: Loaded files takes [0.031] sec: <fallback>
[15:23:06.190][info] [#0:script/workspace/loading.lua:181]: Compile files takes [0.000] sec: <fallback>
[15:23:06.190][info] [#0:script/workspace/loading.lua:182]: Loaded finish:	<fallback>
[15:23:06.190][info] [#0:script/workspace/workspace.lua:381]: Preload finish at:	<fallback>
[15:23:06.191][info] [#0:script/workspace/workspace.lua:353]: Scan library at:	file:///home/adam/.dotfiles/nvim/.local/share/nvim/mason/packages/lua-language-server/libexec/meta/LuaJIT%20en-us%20utf8/string.lua
[15:23:06.191][info] [#0:script/workspace/workspace.lua:353]: Scan library at:	file:///home/adam/.dotfiles/nvim/.local/share/nvim/mason/packages/lua-language-server/libexec/meta/LuaJIT%20en-us%20utf8/table/new.lua
[15:23:06.191][info] [#0:script/workspace/workspace.lua:353]: Scan library at:	file:///home/adam/.dotfiles/nvim/.local/share/nvim/lazy/neoconf.nvim/types/lua
[15:23:06.191][info] [#0:script/workspace/workspace.lua:353]: Scan library at:	file:///home/adam/.dotfiles/nvim/.local/share/nvim/mason/packages/lua-language-server/libexec/meta/LuaJIT%20en-us%20utf8/table/clear.lua
[15:23:06.191][info] [#0:script/workspace/workspace.lua:353]: Scan library at:	file:///home/adam/.dotfiles/nvim/.local/share/nvim/mason/packages/lua-language-server/libexec/meta/LuaJIT%20en-us%20utf8/coroutine.lua
[15:23:06.191][info] [#0:script/workspace/workspace.lua:353]: Scan library at:	file:///home/adam/.dotfiles/nvim/.local/share/nvim/mason/packages/lua-language-server/libexec/meta/LuaJIT%20en-us%20utf8/table.lua
[15:23:06.191][info] [#0:script/workspace/workspace.lua:353]: Scan library at:	file:///home/adam/.dotfiles/nvim/.local/share/nvim/lazy/neoconf.nvim/types
[15:23:06.192][info] [#0:script/workspace/workspace.lua:353]: Scan library at:	file:///usr/share/nvim/runtime/lua
[15:23:06.199][info] [#0:script/workspace/workspace.lua:353]: Scan library at:	file:///home/adam/.dotfiles/nvim/.local/share/nvim/mason/packages/lua-language-server/libexec/meta/LuaJIT%20en-us%20utf8/io.lua
[15:23:06.299][info] [#0:script/workspace/workspace.lua:379]: Found 124 files at:	file:///home/adam
[15:23:06.299][info] [#0:script/workspace/loading.lua:160]: Load files from disk:	file:///home/adam
[15:23:06.299][info] [#0:script/workspace/loading.lua:100]: Preload file at: file:///home/adam/.dotfiles/nvim/.local/share/nvim/mason/packages/lua-language-server/libexec/meta/LuaJIT%20en-us%20utf8/io.lua , size = 6.364 KB
[15:23:06.307][info] [#0:script/workspace/loading.lua:112]: ++++As library of:	file:///home/adam/.dotfiles/nvim/.local/share/nvim/mason/packages/lua-language-server/libexec/meta/LuaJIT%20en-us%20utf8/io.lua
[15:23:06.307][info] [#0:script/workspace/loading.lua:100]: Preload file at: file:///usr/share/nvim/runtime/lua/_vim9script.lua , size = 15.423 KB
[15:23:06.316][info] [#0:script/workspace/loading.lua:112]: ++++As library of:	file:///usr/share/nvim/runtime/lua
[15:23:06.316][info] [#0:script/workspace/loading.lua:100]: Preload file at: file:///usr/share/nvim/runtime/lua/coxpcall.lua , size = 3.672 KB
[15:23:06.317][info] [#0:script/workspace/loading.lua:112]: ++++As library of:	file:///usr/share/nvim/runtime/lua
[15:23:06.318][info] [#0:script/workspace/loading.lua:100]: Preload file at: file:///usr/share/nvim/runtime/lua/editorconfig.lua , size = 11.254 KB
[15:23:06.322][info] [#0:script/workspace/loading.lua:112]: ++++As library of:	file:///usr/share/nvim/runtime/lua
[15:23:06.322][info] [#0:script/workspace/loading.lua:100]: Preload file at: file:///usr/share/nvim/runtime/lua/man.lua , size = 23.258 KB
[15:23:06.327][info] [#0:script/workspace/loading.lua:112]: ++++As library of:	file:///usr/share/nvim/runtime/lua
[15:23:06.327][info] [#0:script/workspace/loading.lua:100]: Preload file at: file:///usr/share/nvim/runtime/lua/vim/F.lua , size = 1.076 KB
[15:23:06.328][info] [#0:script/workspace/loading.lua:112]: ++++As library of:	file:///usr/share/nvim/runtime/lua
[15:23:06.328][info] [#0:script/workspace/loading.lua:100]: Preload file at: file:///usr/share/nvim/runtime/lua/tohtml.lua , size = 43.272 KB
[15:23:06.342][info] [#0:script/workspace/loading.lua:112]: ++++As library of:	file:///usr/share/nvim/runtime/lua
[15:23:06.342][info] [#0:script/workspace/loading.lua:100]: Preload file at: file:///usr/share/nvim/runtime/lua/vim/_buf.lua , size = 0.764 KB
[15:23:06.343][info] [#0:script/workspace/loading.lua:112]: ++++As library of:	file:///usr/share/nvim/runtime/lua
[15:23:06.343][info] [#0:script/workspace/loading.lua:100]: Preload file at: file:///usr/share/nvim/runtime/lua/vim/_comment.lua , size = 8.967 KB
[15:23:06.345][info] [#0:script/workspace/loading.lua:112]: ++++As library of:	file:///usr/share/nvim/runtime/lua
[15:23:06.345][info] [#0:script/workspace/loading.lua:100]: Preload file at: file:///usr/share/nvim/runtime/lua/vim/_defaults.lua , size = 32.274 KB
[15:23:06.352][info] [#0:script/workspace/loading.lua:112]: ++++As library of:	file:///usr/share/nvim/runtime/lua
[15:23:06.352][info] [#0:script/workspace/loading.lua:100]: Preload file at: file:///usr/share/nvim/runtime/lua/vim/_ftplugin/lua.lua , size = 0.481 KB
[15:23:06.353][info] [#0:script/workspace/loading.lua:112]: ++++As library of:	file:///usr/share/nvim/runtime/lua
[15:23:06.353][info] [#0:script/workspace/loading.lua:100]: Preload file at: file:///usr/share/nvim/runtime/lua/vim/_editor.lua , size = 44.635 KB
[15:23:06.363][info] [#0:script/workspace/loading.lua:112]: ++++As library of:	file:///usr/share/nvim/runtime/lua
[15:23:06.363][info] [#0:script/workspace/loading.lua:100]: Preload file at: file:///usr/share/nvim/runtime/lua/vim/_init_packages.lua , size = 3.023 KB
[15:23:06.365][info] [#0:script/workspace/loading.lua:112]: ++++As library of:	file:///usr/share/nvim/runtime/lua
[15:23:06.365][info] [#0:script/workspace/loading.lua:100]: Preload file at: file:///usr/share/nvim/runtime/lua/vim/_inspector.lua , size = 7.775 KB
[15:23:06.367][info] [#0:script/workspace/loading.lua:112]: ++++As library of:	file:///usr/share/nvim/runtime/lua
[15:23:06.367][info] [#0:script/workspace/loading.lua:100]: Preload file at: file:///usr/share/nvim/runtime/lua/vim/_meta/api_keysets.lua , size = 9.958 KB
[15:23:06.374][info] [#0:script/workspace/loading.lua:112]: ++++As library of:	file:///usr/share/nvim/runtime/lua
[15:23:06.374][info] [#0:script/workspace/loading.lua:100]: Preload file at: file:///usr/share/nvim/runtime/lua/vim/_meta/api_keysets_extra.lua , size = 6.957 KB
[15:23:06.376][info] [#0:script/workspace/loading.lua:112]: ++++As library of:	file:///usr/share/nvim/runtime/lua
[15:23:06.376][info] [#0:script/workspace/loading.lua:100]: Preload file at: file:///usr/share/nvim/runtime/lua/vim/_meta/base64.lua , size = 0.307 KB
[15:23:06.376][info] [#0:script/workspace/loading.lua:112]: ++++As library of:	file:///usr/share/nvim/runtime/lua
[15:23:06.376][info] [#0:script/workspace/loading.lua:100]: Preload file at: file:///usr/share/nvim/runtime/lua/vim/_meta/api.lua , size = 106.186 KB
[15:23:06.391][info] [#0:script/workspace/loading.lua:112]: ++++As library of:	file:///usr/share/nvim/runtime/lua
[15:23:06.391][info] [#0:script/workspace/loading.lua:100]: Preload file at: file:///usr/share/nvim/runtime/lua/vim/_meta/builtin.lua , size = 10.381 KB
[15:23:06.393][info] [#0:script/workspace/loading.lua:112]: ++++As library of:	file:///usr/share/nvim/runtime/lua
[15:23:06.393][info] [#0:script/workspace/loading.lua:100]: Preload file at: file:///usr/share/nvim/runtime/lua/vim/_meta/builtin_types.lua , size = 7.914 KB
[15:23:06.395][info] [#0:script/workspace/loading.lua:112]: ++++As library of:	file:///usr/share/nvim/runtime/lua
[15:23:06.395][info] [#0:script/workspace/loading.lua:100]: Preload file at: file:///usr/share/nvim/runtime/lua/vim/_meta/diff.lua , size = 2.493 KB
[15:23:06.395][info] [#0:script/workspace/loading.lua:112]: ++++As library of:	file:///usr/share/nvim/runtime/lua
[15:23:06.395][info] [#0:script/workspace/loading.lua:100]: Preload file at: file:///usr/share/nvim/runtime/lua/vim/_meta/json.lua , size = 1.537 KB
[15:23:06.396][info] [#0:script/workspace/loading.lua:112]: ++++As library of:	file:///usr/share/nvim/runtime/lua
[15:23:06.396][info] [#0:script/workspace/loading.lua:100]: Preload file at: file:///usr/share/nvim/runtime/lua/vim/_meta/lpeg.lua , size = 15.348 KB
[15:23:06.398][info] [#0:script/workspace/loading.lua:112]: ++++As library of:	file:///usr/share/nvim/runtime/lua
[15:23:06.398][info] [#0:script/workspace/loading.lua:100]: Preload file at: file:///usr/share/nvim/runtime/lua/vim/_meta/misc.lua , size = 0.291 KB
[15:23:06.399][info] [#0:script/workspace/loading.lua:112]: ++++As library of:	file:///usr/share/nvim/runtime/lua
[15:23:06.399][info] [#0:script/workspace/loading.lua:100]: Preload file at: file:///usr/share/nvim/runtime/lua/vim/_meta/mpack.lua , size = 0.478 KB
[15:23:06.399][info] [#0:script/workspace/loading.lua:112]: ++++As library of:	file:///usr/share/nvim/runtime/lua
[15:23:06.399][info] [#0:script/workspace/loading.lua:100]: Preload file at: file:///usr/share/nvim/runtime/lua/vim/_meta/re.lua , size = 2.217 KB
[15:23:06.400][info] [#0:script/workspace/loading.lua:112]: ++++As library of:	file:///usr/share/nvim/runtime/lua
[15:23:06.400][info] [#0:script/workspace/loading.lua:100]: Preload file at: file:///usr/share/nvim/runtime/lua/vim/_meta/regex.lua , size = 1.580 KB
[15:23:06.400][info] [#0:script/workspace/loading.lua:112]: ++++As library of:	file:///usr/share/nvim/runtime/lua
[15:23:06.400][info] [#0:script/workspace/loading.lua:100]: Preload file at: file:///usr/share/nvim/runtime/lua/vim/_meta/options.lua , size = 324.241 KB
[15:23:06.452][info] [#0:script/workspace/loading.lua:112]: ++++As library of:	file:///usr/share/nvim/runtime/lua
[15:23:06.452][info] [#0:script/workspace/loading.lua:100]: Preload file at: file:///usr/share/nvim/runtime/lua/vim/_meta/spell.lua , size = 0.929 KB
[15:23:06.452][info] [#0:script/workspace/loading.lua:112]: ++++As library of:	file:///usr/share/nvim/runtime/lua
[15:23:06.452][info] [#0:script/workspace/loading.lua:100]: Preload file at: file:///usr/share/nvim/runtime/lua/vim/_meta/vvars.lua , size = 26.214 KB
[15:23:06.466][info] [#0:script/workspace/loading.lua:112]: ++++As library of:	file:///usr/share/nvim/runtime/lua
[15:23:06.466][info] [#0:script/workspace/loading.lua:100]: Preload file at: file:///usr/share/nvim/runtime/lua/vim/_meta/vvars_extra.lua , size = 4.056 KB
[15:23:06.467][info] [#0:script/workspace/loading.lua:112]: ++++As library of:	file:///usr/share/nvim/runtime/lua
[15:23:06.467][info] [#0:script/workspace/loading.lua:100]: Preload file at: file:///usr/share/nvim/runtime/lua/vim/_meta.lua , size = 1.002 KB
[15:23:06.467][info] [#0:script/workspace/loading.lua:112]: ++++As library of:	file:///usr/share/nvim/runtime/lua
[15:23:06.467][info] [#0:script/workspace/loading.lua:100]: Preload file at: file:///usr/share/nvim/runtime/lua/vim/_meta/vimfn.lua , size = 408.409 KB
[15:23:06.521][info] [#0:script/workspace/loading.lua:112]: ++++As library of:	file:///usr/share/nvim/runtime/lua
[15:23:06.521][info] [#0:script/workspace/loading.lua:100]: Preload file at: file:///usr/share/nvim/runtime/lua/vim/_options.lua , size = 25.508 KB
[15:23:06.526][info] [#0:script/workspace/loading.lua:112]: ++++As library of:	file:///usr/share/nvim/runtime/lua
[15:23:06.526][info] [#0:script/workspace/loading.lua:100]: Preload file at: file:///usr/share/nvim/runtime/lua/vim/_system.lua , size = 9.605 KB
[15:23:06.530][info] [#0:script/workspace/loading.lua:112]: ++++As library of:	file:///usr/share/nvim/runtime/lua
[15:23:06.530][info] [#0:script/workspace/loading.lua:100]: Preload file at: file:///usr/share/nvim/runtime/lua/vim/_watch.lua , size = 9.718 KB
[15:23:06.548][info] [#0:script/workspace/loading.lua:112]: ++++As library of:	file:///usr/share/nvim/runtime/lua
[15:23:06.548][info] [#0:script/workspace/loading.lua:100]: Preload file at: file:///usr/share/nvim/runtime/lua/vim/deprecated/health.lua , size = 1.260 KB
[15:23:06.549][info] [#0:script/workspace/loading.lua:112]: ++++As library of:	file:///usr/share/nvim/runtime/lua
[15:23:06.549][info] [#0:script/workspace/loading.lua:100]: Preload file at: file:///usr/share/nvim/runtime/lua/vim/diagnostic.lua , size = 85.015 KB
[15:23:06.568][info] [#0:script/workspace/loading.lua:112]: ++++As library of:	file:///usr/share/nvim/runtime/lua
[15:23:06.568][info] [#0:script/workspace/loading.lua:100]: Preload file at: file:///usr/share/nvim/runtime/lua/vim/filetype/options.lua , size = 2.559 KB
[15:23:06.569][info] [#0:script/workspace/loading.lua:112]: ++++As library of:	file:///usr/share/nvim/runtime/lua
[15:23:06.569][info] [#0:script/workspace/loading.lua:100]: Preload file at: file:///usr/share/nvim/runtime/lua/vim/filetype/detect.lua , size = 61.322 KB
[15:23:06.583][info] [#0:script/workspace/loading.lua:112]: ++++As library of:	file:///usr/share/nvim/runtime/lua
[15:23:06.583][info] [#0:script/workspace/loading.lua:100]: Preload file at: file:///usr/share/nvim/runtime/lua/vim/filetype.lua , size = 78.884 KB
[15:23:06.598][info] [#0:script/workspace/loading.lua:112]: ++++As library of:	file:///usr/share/nvim/runtime/lua
[15:23:06.598][info] [#0:script/workspace/loading.lua:100]: Preload file at: file:///usr/share/nvim/runtime/lua/vim/fs.lua , size = 23.587 KB
[15:23:06.603][info] [#0:script/workspace/loading.lua:112]: ++++As library of:	file:///usr/share/nvim/runtime/lua
[15:23:06.603][info] [#0:script/workspace/loading.lua:100]: Preload file at: file:///usr/share/nvim/runtime/lua/vim/func/_memoize.lua , size = 1.979 KB
[15:23:06.604][info] [#0:script/workspace/loading.lua:112]: ++++As library of:	file:///usr/share/nvim/runtime/lua
[15:23:06.605][info] [#0:script/workspace/loading.lua:100]: Preload file at: file:///usr/share/nvim/runtime/lua/vim/func.lua , size = 1.950 KB
[15:23:06.605][info] [#0:script/workspace/loading.lua:112]: ++++As library of:	file:///usr/share/nvim/runtime/lua
[15:23:06.605][info] [#0:script/workspace/loading.lua:100]: Preload file at: file:///usr/share/nvim/runtime/lua/vim/glob.lua , size = 3.312 KB
[15:23:06.606][info] [#0:script/workspace/loading.lua:112]: ++++As library of:	file:///usr/share/nvim/runtime/lua
[15:23:06.606][info] [#0:script/workspace/loading.lua:100]: Preload file at: file:///usr/share/nvim/runtime/lua/vim/health/health.lua , size = 12.863 KB
[15:23:06.609][info] [#0:script/workspace/loading.lua:112]: ++++As library of:	file:///usr/share/nvim/runtime/lua
[15:23:06.609][info] [#0:script/workspace/loading.lua:100]: Preload file at: file:///usr/share/nvim/runtime/lua/vim/health.lua , size = 14.845 KB
[15:23:06.613][info] [#0:script/workspace/loading.lua:112]: ++++As library of:	file:///usr/share/nvim/runtime/lua
[15:23:06.613][info] [#0:script/workspace/loading.lua:100]: Preload file at: file:///usr/share/nvim/runtime/lua/vim/hl.lua , size = 6.054 KB
[15:23:06.615][info] [#0:script/workspace/loading.lua:112]: ++++As library of:	file:///usr/share/nvim/runtime/lua
[15:23:06.615][info] [#0:script/workspace/loading.lua:100]: Preload file at: file:///usr/share/nvim/runtime/lua/vim/inspect.lua , size = 8.899 KB
[15:23:06.617][info] [#0:script/workspace/loading.lua:112]: ++++As library of:	file:///usr/share/nvim/runtime/lua
[15:23:06.618][info] [#0:script/workspace/loading.lua:100]: Preload file at: file:///usr/share/nvim/runtime/lua/vim/iter.lua , size = 25.875 KB
[15:23:06.625][info] [#0:script/workspace/loading.lua:112]: ++++As library of:	file:///usr/share/nvim/runtime/lua
[15:23:06.625][info] [#0:script/workspace/loading.lua:100]: Preload file at: file:///usr/share/nvim/runtime/lua/vim/keymap.lua , size = 3.683 KB
[15:23:06.626][info] [#0:script/workspace/loading.lua:112]: ++++As library of:	file:///usr/share/nvim/runtime/lua
[15:23:06.626][info] [#0:script/workspace/loading.lua:100]: Preload file at: file:///usr/share/nvim/runtime/lua/vim/loader.lua , size = 14.564 KB
[15:23:06.630][info] [#0:script/workspace/loading.lua:112]: ++++As library of:	file:///usr/share/nvim/runtime/lua
[15:23:06.630][info] [#0:script/workspace/loading.lua:100]: Preload file at: file:///usr/share/nvim/runtime/lua/vim/lsp/_changetracking.lua , size = 11.493 KB
[15:23:06.633][info] [#0:script/workspace/loading.lua:112]: ++++As library of:	file:///usr/share/nvim/runtime/lua
[15:23:06.633][info] [#0:script/workspace/loading.lua:100]: Preload file at: file:///usr/share/nvim/runtime/lua/vim/lsp/_folding_range.lua , size = 11.103 KB
[15:23:06.636][info] [#0:script/workspace/loading.lua:112]: ++++As library of:	file:///usr/share/nvim/runtime/lua
[15:23:06.637][info] [#0:script/workspace/loading.lua:100]: Preload file at: file:///usr/share/nvim/runtime/lua/vim/lsp/_meta.lua , size = 0.585 KB
[15:23:06.637][info] [#0:script/workspace/loading.lua:112]: ++++As library of:	file:///usr/share/nvim/runtime/lua
[15:23:06.637][info] [#0:script/workspace/loading.lua:100]: Preload file at: file:///usr/share/nvim/runtime/lua/vim/lsp/_snippet_grammar.lua , size = 6.228 KB
[15:23:06.639][info] [#0:script/workspace/loading.lua:112]: ++++As library of:	file:///usr/share/nvim/runtime/lua
[15:23:06.639][info] [#0:script/workspace/loading.lua:100]: Preload file at: file:///usr/share/nvim/runtime/lua/vim/lsp/_meta/protocol.lua , size = 188.964 KB
[15:23:06.694][info] [#0:script/workspace/loading.lua:112]: ++++As library of:	file:///usr/share/nvim/runtime/lua
[15:23:06.694][info] [#0:script/workspace/loading.lua:100]: Preload file at: file:///usr/share/nvim/runtime/lua/vim/lsp/_tagfunc.lua , size = 3.236 KB
[15:23:06.696][info] [#0:script/workspace/loading.lua:112]: ++++As library of:	file:///usr/share/nvim/runtime/lua
[15:23:06.696][info] [#0:script/workspace/loading.lua:100]: Preload file at: file:///usr/share/nvim/runtime/lua/vim/lsp/_transport.lua , size = 5.152 KB
[15:23:06.697][info] [#0:script/workspace/loading.lua:112]: ++++As library of:	file:///usr/share/nvim/runtime/lua
[15:23:06.697][info] [#0:script/workspace/loading.lua:100]: Preload file at: file:///usr/share/nvim/runtime/lua/vim/lsp/_watchfiles.lua , size = 6.813 KB
[15:23:06.699][info] [#0:script/workspace/loading.lua:112]: ++++As library of:	file:///usr/share/nvim/runtime/lua
[15:23:06.699][info] [#0:script/workspace/loading.lua:100]: Preload file at: file:///usr/share/nvim/runtime/lua/vim/lsp/buf.lua , size = 42.974 KB
[15:23:06.709][info] [#0:script/workspace/loading.lua:112]: ++++As library of:	file:///usr/share/nvim/runtime/lua
[15:23:06.709][info] [#0:script/workspace/loading.lua:100]: Preload file at: file:///usr/share/nvim/runtime/lua/vim/lsp/client.lua , size = 40.553 KB
[15:23:06.717][info] [#0:script/workspace/loading.lua:112]: ++++As library of:	file:///usr/share/nvim/runtime/lua
[15:23:06.717][info] [#0:script/workspace/loading.lua:100]: Preload file at: file:///usr/share/nvim/runtime/lua/vim/lsp/codelens.lua , size = 9.245 KB
[15:23:06.720][info] [#0:script/workspace/loading.lua:112]: ++++As library of:	file:///usr/share/nvim/runtime/lua
[15:23:06.720][info] [#0:script/workspace/loading.lua:100]: Preload file at: file:///usr/share/nvim/runtime/lua/vim/lsp/completion.lua , size = 26.967 KB
[15:23:06.726][info] [#0:script/workspace/loading.lua:112]: ++++As library of:	file:///usr/share/nvim/runtime/lua
[15:23:06.726][info] [#0:script/workspace/loading.lua:100]: Preload file at: file:///usr/share/nvim/runtime/lua/vim/lsp/diagnostic.lua , size = 11.717 KB
[15:23:06.729][info] [#0:script/workspace/loading.lua:112]: ++++As library of:	file:///usr/share/nvim/runtime/lua
[15:23:06.729][info] [#0:script/workspace/loading.lua:100]: Preload file at: file:///usr/share/nvim/runtime/lua/vim/lsp/handlers.lua , size = 24.316 KB
[15:23:06.734][info] [#0:script/workspace/loading.lua:112]: ++++As library of:	file:///usr/share/nvim/runtime/lua
[15:23:06.734][info] [#0:script/workspace/loading.lua:100]: Preload file at: file:///usr/share/nvim/runtime/lua/vim/lsp/health.lua , size = 7.367 KB
[15:23:06.736][info] [#0:script/workspace/loading.lua:112]: ++++As library of:	file:///usr/share/nvim/runtime/lua
[15:23:06.736][info] [#0:script/workspace/loading.lua:100]: Preload file at: file:///usr/share/nvim/runtime/lua/vim/lsp/inlay_hint.lua , size = 11.941 KB
[15:23:06.739][info] [#0:script/workspace/loading.lua:112]: ++++As library of:	file:///usr/share/nvim/runtime/lua
[15:23:06.739][info] [#0:script/workspace/loading.lua:100]: Preload file at: file:///usr/share/nvim/runtime/lua/vim/lsp/log.lua , size = 4.845 KB
[15:23:06.741][info] [#0:script/workspace/loading.lua:112]: ++++As library of:	file:///usr/share/nvim/runtime/lua
[15:23:06.741][info] [#0:script/workspace/loading.lua:100]: Preload file at: file:///usr/share/nvim/runtime/lua/vim/lsp/protocol.lua , size = 44.826 KB
[15:23:06.746][info] [#0:script/workspace/loading.lua:112]: ++++As library of:	file:///usr/share/nvim/runtime/lua
[15:23:06.746][info] [#0:script/workspace/loading.lua:100]: Preload file at: file:///usr/share/nvim/runtime/lua/vim/lsp/rpc.lua , size = 22.153 KB
[15:23:06.751][info] [#0:script/workspace/loading.lua:112]: ++++As library of:	file:///usr/share/nvim/runtime/lua
[15:23:06.751][info] [#0:script/workspace/loading.lua:100]: Preload file at: file:///usr/share/nvim/runtime/lua/vim/lsp/semantic_tokens.lua , size = 27.239 KB
[15:23:06.757][info] [#0:script/workspace/loading.lua:112]: ++++As library of:	file:///usr/share/nvim/runtime/lua
[15:23:06.757][info] [#0:script/workspace/loading.lua:100]: Preload file at: file:///usr/share/nvim/runtime/lua/vim/lsp/sync.lua , size = 15.728 KB
[15:23:06.760][info] [#0:script/workspace/loading.lua:112]: ++++As library of:	file:///usr/share/nvim/runtime/lua
[15:23:06.760][info] [#0:script/workspace/loading.lua:100]: Preload file at: file:///usr/share/nvim/runtime/lua/vim/lsp/util.lua , size = 74.570 KB
[15:23:06.779][info] [#0:script/workspace/loading.lua:112]: ++++As library of:	file:///usr/share/nvim/runtime/lua
[15:23:06.779][info] [#0:script/workspace/loading.lua:100]: Preload file at: file:///usr/share/nvim/runtime/lua/vim/lsp.lua , size = 49.965 KB
[15:23:06.790][info] [#0:script/workspace/loading.lua:112]: ++++As library of:	file:///usr/share/nvim/runtime/lua
[15:23:06.790][info] [#0:script/workspace/loading.lua:100]: Preload file at: file:///usr/share/nvim/runtime/lua/vim/provider/perl.lua , size = 1.998 KB
[15:23:06.791][info] [#0:script/workspace/loading.lua:112]: ++++As library of:	file:///usr/share/nvim/runtime/lua
[15:23:06.791][info] [#0:script/workspace/loading.lua:100]: Preload file at: file:///usr/share/nvim/runtime/lua/vim/provider/health.lua , size = 29.545 KB
[15:23:06.798][info] [#0:script/workspace/loading.lua:112]: ++++As library of:	file:///usr/share/nvim/runtime/lua
[15:23:06.798][info] [#0:script/workspace/loading.lua:100]: Preload file at: file:///usr/share/nvim/runtime/lua/vim/provider/python.lua , size = 4.210 KB
[15:23:06.799][info] [#0:script/workspace/loading.lua:112]: ++++As library of:	file:///usr/share/nvim/runtime/lua
[15:23:06.799][info] [#0:script/workspace/loading.lua:100]: Preload file at: file:///usr/share/nvim/runtime/lua/vim/provider/ruby.lua , size = 1.563 KB
[15:23:06.800][info] [#0:script/workspace/loading.lua:112]: ++++As library of:	file:///usr/share/nvim/runtime/lua
[15:23:06.800][info] [#0:script/workspace/loading.lua:100]: Preload file at: file:///usr/share/nvim/runtime/lua/vim/provider.lua , size = 0.197 KB
[15:23:06.800][info] [#0:script/workspace/loading.lua:112]: ++++As library of:	file:///usr/share/nvim/runtime/lua
[15:23:06.800][info] [#0:script/workspace/loading.lua:100]: Preload file at: file:///usr/share/nvim/runtime/lua/vim/re.lua , size = 6.527 KB
[15:23:06.803][info] [#0:script/workspace/loading.lua:112]: ++++As library of:	file:///usr/share/nvim/runtime/lua
[15:23:06.803][info] [#0:script/workspace/loading.lua:100]: Preload file at: file:///usr/share/nvim/runtime/lua/vim/secure.lua , size = 5.020 KB
[15:23:06.805][info] [#0:script/workspace/loading.lua:112]: ++++As library of:	file:///usr/share/nvim/runtime/lua
[15:23:06.805][info] [#0:script/workspace/loading.lua:100]: Preload file at: file:///usr/share/nvim/runtime/lua/vim/shared.lua , size = 40.536 KB
[15:23:06.815][info] [#0:script/workspace/loading.lua:112]: ++++As library of:	file:///usr/share/nvim/runtime/lua
[15:23:06.816][info] [#0:script/workspace/loading.lua:100]: Preload file at: file:///usr/share/nvim/runtime/lua/vim/snippet.lua , size = 19.590 KB
[15:23:06.821][info] [#0:script/workspace/loading.lua:112]: ++++As library of:	file:///usr/share/nvim/runtime/lua
[15:23:06.821][info] [#0:script/workspace/loading.lua:100]: Preload file at: file:///usr/share/nvim/runtime/lua/vim/termcap.lua , size = 2.952 KB
[15:23:06.822][info] [#0:script/workspace/loading.lua:112]: ++++As library of:	file:///usr/share/nvim/runtime/lua
[15:23:06.822][info] [#0:script/workspace/loading.lua:100]: Preload file at: file:///usr/share/nvim/runtime/lua/vim/text.lua , size = 4.512 KB
[15:23:06.823][info] [#0:script/workspace/loading.lua:112]: ++++As library of:	file:///usr/share/nvim/runtime/lua
[15:23:06.823][info] [#0:script/workspace/loading.lua:100]: Preload file at: file:///usr/share/nvim/runtime/lua/vim/treesitter/_fold.lua , size = 14.803 KB
[15:23:06.827][info] [#0:script/workspace/loading.lua:112]: ++++As library of:	file:///usr/share/nvim/runtime/lua
[15:23:06.827][info] [#0:script/workspace/loading.lua:100]: Preload file at: file:///usr/share/nvim/runtime/lua/vim/treesitter/_headings.lua , size = 3.755 KB
[15:23:06.828][info] [#0:script/workspace/loading.lua:112]: ++++As library of:	file:///usr/share/nvim/runtime/lua
[15:23:06.828][info] [#0:script/workspace/loading.lua:100]: Preload file at: file:///usr/share/nvim/runtime/lua/vim/treesitter/_meta/misc.lua , size = 2.733 KB
[15:23:06.830][info] [#0:script/workspace/loading.lua:112]: ++++As library of:	file:///usr/share/nvim/runtime/lua
[15:23:06.830][info] [#0:script/workspace/loading.lua:100]: Preload file at: file:///usr/share/nvim/runtime/lua/vim/treesitter/_meta/tsnode.lua , size = 5.839 KB
[15:23:06.831][info] [#0:script/workspace/loading.lua:112]: ++++As library of:	file:///usr/share/nvim/runtime/lua
[15:23:06.831][info] [#0:script/workspace/loading.lua:100]: Preload file at: file:///usr/share/nvim/runtime/lua/vim/treesitter/_meta/tsquery.lua , size = 1.860 KB
[15:23:06.832][info] [#0:script/workspace/loading.lua:112]: ++++As library of:	file:///usr/share/nvim/runtime/lua
[15:23:06.832][info] [#0:script/workspace/loading.lua:100]: Preload file at: file:///usr/share/nvim/runtime/lua/vim/treesitter/_meta/tstree.lua , size = 1.234 KB
[15:23:06.832][info] [#0:script/workspace/loading.lua:112]: ++++As library of:	file:///usr/share/nvim/runtime/lua
[15:23:06.832][info] [#0:script/workspace/loading.lua:100]: Preload file at: file:///usr/share/nvim/runtime/lua/vim/treesitter/_query_linter.lua , size = 7.818 KB
[15:23:06.835][info] [#0:script/workspace/loading.lua:112]: ++++As library of:	file:///usr/share/nvim/runtime/lua
[15:23:06.835][info] [#0:script/workspace/loading.lua:100]: Preload file at: file:///usr/share/nvim/runtime/lua/vim/treesitter/_range.lua , size = 3.923 KB
[15:23:06.837][info] [#0:script/workspace/loading.lua:112]: ++++As library of:	file:///usr/share/nvim/runtime/lua
[15:23:06.837][info] [#0:script/workspace/loading.lua:100]: Preload file at: file:///usr/share/nvim/runtime/lua/vim/treesitter/dev.lua , size = 21.061 KB
[15:23:06.843][info] [#0:script/workspace/loading.lua:112]: ++++As library of:	file:///usr/share/nvim/runtime/lua
[15:23:06.843][info] [#0:script/workspace/loading.lua:100]: Preload file at: file:///usr/share/nvim/runtime/lua/vim/treesitter/health.lua , size = 1.551 KB
[15:23:06.844][info] [#0:script/workspace/loading.lua:112]: ++++As library of:	file:///usr/share/nvim/runtime/lua
[15:23:06.844][info] [#0:script/workspace/loading.lua:100]: Preload file at: file:///usr/share/nvim/runtime/lua/vim/treesitter/language.lua , size = 5.382 KB
[15:23:06.846][info] [#0:script/workspace/loading.lua:112]: ++++As library of:	file:///usr/share/nvim/runtime/lua
[15:23:06.846][info] [#0:script/workspace/loading.lua:100]: Preload file at: file:///usr/share/nvim/runtime/lua/vim/treesitter/highlighter.lua , size = 14.282 KB
[15:23:06.850][info] [#0:script/workspace/loading.lua:112]: ++++As library of:	file:///usr/share/nvim/runtime/lua
[15:23:06.850][info] [#0:script/workspace/loading.lua:100]: Preload file at: file:///usr/share/nvim/runtime/lua/vim/treesitter/languagetree.lua , size = 40.234 KB
[15:23:06.903][info] [#0:script/workspace/loading.lua:112]: ++++As library of:	file:///usr/share/nvim/runtime/lua
[15:23:06.903][info] [#0:script/workspace/loading.lua:100]: Preload file at: file:///usr/share/nvim/runtime/lua/vim/treesitter/query.lua , size = 37.908 KB
[15:23:06.913][info] [#0:script/workspace/loading.lua:112]: ++++As library of:	file:///usr/share/nvim/runtime/lua
[15:23:06.913][info] [#0:script/workspace/loading.lua:100]: Preload file at: file:///usr/share/nvim/runtime/lua/vim/treesitter.lua , size = 15.239 KB
[15:23:06.917][info] [#0:script/workspace/loading.lua:112]: ++++As library of:	file:///usr/share/nvim/runtime/lua
[15:23:06.917][info] [#0:script/workspace/loading.lua:100]: Preload file at: file:///usr/share/nvim/runtime/lua/vim/ui/clipboard/osc52.lua , size = 2.146 KB
[15:23:06.918][info] [#0:script/workspace/loading.lua:112]: ++++As library of:	file:///usr/share/nvim/runtime/lua
[15:23:06.918][info] [#0:script/workspace/loading.lua:100]: Preload file at: file:///usr/share/nvim/runtime/lua/vim/ui.lua , size = 7.683 KB
[15:23:06.920][info] [#0:script/workspace/loading.lua:112]: ++++As library of:	file:///usr/share/nvim/runtime/lua
[15:23:06.921][info] [#0:script/workspace/loading.lua:100]: Preload file at: file:///usr/share/nvim/runtime/lua/vim/uri.lua , size = 3.614 KB
[15:23:06.922][info] [#0:script/workspace/loading.lua:112]: ++++As library of:	file:///usr/share/nvim/runtime/lua
[15:23:06.922][info] [#0:script/workspace/loading.lua:100]: Preload file at: file:///usr/share/nvim/runtime/lua/vim/version.lua , size = 13.701 KB
[15:23:06.926][info] [#0:script/workspace/loading.lua:112]: ++++As library of:	file:///usr/share/nvim/runtime/lua
[15:23:06.926][info] [#0:script/workspace/loading.lua:100]: Preload file at: file:///home/adam/.dotfiles/nvim/.local/share/nvim/mason/packages/lua-language-server/libexec/meta/LuaJIT%20en-us%20utf8/table.lua , size = 4.445 KB
[15:23:06.928][info] [#0:script/workspace/loading.lua:112]: ++++As library of:	file:///home/adam/.dotfiles/nvim/.local/share/nvim/mason/packages/lua-language-server/libexec/meta/LuaJIT%20en-us%20utf8/table.lua
[15:23:06.928][info] [#0:script/workspace/loading.lua:100]: Preload file at: file:///home/adam/.dotfiles/nvim/.local/share/nvim/mason/packages/lua-language-server/libexec/meta/LuaJIT%20en-us%20utf8/coroutine.lua , size = 2.541 KB
[15:23:06.928][info] [#0:script/workspace/loading.lua:112]: ++++As library of:	file:///home/adam/.dotfiles/nvim/.local/share/nvim/mason/packages/lua-language-server/libexec/meta/LuaJIT%20en-us%20utf8/coroutine.lua
[15:23:06.928][info] [#0:script/workspace/loading.lua:100]: Preload file at: file:///home/adam/.dotfiles/nvim/.local/share/nvim/lazy/neoconf.nvim/types/lsp.lua , size = 720.809 KB
[15:23:07.028][info] [#0:script/workspace/loading.lua:112]: ++++As library of:	file:///home/adam/.dotfiles/nvim/.local/share/nvim/lazy/neoconf.nvim/types
[15:23:07.029][info] [#0:script/workspace/loading.lua:100]: Preload file at: file:///home/adam/.dotfiles/nvim/.local/share/nvim/mason/packages/lua-language-server/libexec/meta/LuaJIT%20en-us%20utf8/table/clear.lua , size = 0.797 KB
[15:23:07.029][info] [#0:script/workspace/loading.lua:112]: ++++As library of:	file:///home/adam/.dotfiles/nvim/.local/share/nvim/mason/packages/lua-language-server/libexec/meta/LuaJIT%20en-us%20utf8/table/clear.lua
[15:23:07.029][info] [#0:script/workspace/loading.lua:100]: Preload file at: file:///home/adam/.dotfiles/nvim/.local/share/nvim/lazy/neoconf.nvim/types/lua/lspconfig.lua , size = 19.997 KB
[15:23:07.034][info] [#0:script/workspace/loading.lua:112]: ++++As library of:	file:///home/adam/.dotfiles/nvim/.local/share/nvim/lazy/neoconf.nvim/types/lua
[15:23:07.034][info] [#0:script/workspace/loading.lua:100]: Preload file at: file:///home/adam/.dotfiles/nvim/.local/share/nvim/mason/packages/lua-language-server/libexec/meta/LuaJIT%20en-us%20utf8/string.lua , size = 5.217 KB
[15:23:07.035][info] [#0:script/workspace/loading.lua:112]: ++++As library of:	file:///home/adam/.dotfiles/nvim/.local/share/nvim/mason/packages/lua-language-server/libexec/meta/LuaJIT%20en-us%20utf8/string.lua
[15:23:07.035][info] [#0:script/workspace/loading.lua:100]: Preload file at: file:///home/adam/.dotfiles/nvim/.local/share/nvim/mason/packages/lua-language-server/libexec/meta/LuaJIT%20en-us%20utf8/table/new.lua , size = 0.642 KB
[15:23:07.036][info] [#0:script/workspace/loading.lua:112]: ++++As library of:	file:///home/adam/.dotfiles/nvim/.local/share/nvim/mason/packages/lua-language-server/libexec/meta/LuaJIT%20en-us%20utf8/table/new.lua
[15:23:07.036][info] [#0:script/workspace/loading.lua:100]: Preload file at: file:///home/adam/.dotfiles/nvim/.local/share/nvim/mason/packages/lua-language-server/libexec/meta/LuaJIT%20en-us%20utf8/builtin.lua , size = 0.302 KB
[15:23:07.036][info] [#0:script/workspace/loading.lua:112]: ++++As library of:	file:///home/adam/.dotfiles/nvim/.local/share/nvim/mason/packages/lua-language-server/libexec/meta/LuaJIT%20en-us%20utf8/builtin.lua
[15:23:07.036][info] [#0:script/workspace/loading.lua:100]: Preload file at: file:///home/adam/.dotfiles/nvim/.local/share/nvim/mason/packages/lua-language-server/libexec/meta/LuaJIT%20en-us%20utf8/jit/util.lua , size = 1.984 KB
[15:23:07.037][info] [#0:script/workspace/loading.lua:112]: ++++As library of:	file:///home/adam/.dotfiles/nvim/.local/share/nvim/mason/packages/lua-language-server/libexec/meta/LuaJIT%20en-us%20utf8/jit/util.lua
[15:23:07.037][info] [#0:script/workspace/loading.lua:100]: Preload file at: file:///home/adam/.dotfiles/nvim/.local/share/nvim/mason/packages/lua-language-server/libexec/meta/LuaJIT%20en-us%20utf8/bit.lua , size = 1.243 KB
[15:23:07.038][info] [#0:script/workspace/loading.lua:112]: ++++As library of:	file:///home/adam/.dotfiles/nvim/.local/share/nvim/mason/packages/lua-language-server/libexec/meta/LuaJIT%20en-us%20utf8/bit.lua
[15:23:07.038][info] [#0:script/workspace/loading.lua:100]: Preload file at: file:///home/adam/.dotfiles/nvim/.local/share/nvim/mason/packages/lua-language-server/libexec/meta/LuaJIT%20en-us%20utf8/string/buffer.lua , size = 18.123 KB
[15:23:07.040][info] [#0:script/workspace/loading.lua:112]: ++++As library of:	file:///home/adam/.dotfiles/nvim/.local/share/nvim/mason/packages/lua-language-server/libexec/meta/LuaJIT%20en-us%20utf8/string/buffer.lua
[15:23:07.040][info] [#0:script/workspace/loading.lua:100]: Preload file at: file:///home/adam/.dotfiles/nvim/.local/share/nvim/mason/packages/lua-language-server/libexec/meta/LuaJIT%20en-us%20utf8/basic.lua , size = 15.443 KB
[15:23:07.044][info] [#0:script/workspace/loading.lua:112]: ++++As library of:	file:///home/adam/.dotfiles/nvim/.local/share/nvim/mason/packages/lua-language-server/libexec/meta/LuaJIT%20en-us%20utf8/basic.lua
[15:23:07.044][info] [#0:script/workspace/loading.lua:100]: Preload file at: file:///home/adam/.dotfiles/nvim/.local/share/nvim/mason/packages/lua-language-server/libexec/meta/LuaJIT%20en-us%20utf8/debug.lua , size = 7.310 KB
[15:23:07.046][info] [#0:script/workspace/loading.lua:112]: ++++As library of:	file:///home/adam/.dotfiles/nvim/.local/share/nvim/mason/packages/lua-language-server/libexec/meta/LuaJIT%20en-us%20utf8/debug.lua
[15:23:07.046][info] [#0:script/workspace/loading.lua:100]: Preload file at: file:///home/adam/.dotfiles/nvim/.local/share/nvim/mason/packages/lua-language-server/libexec/meta/LuaJIT%20en-us%20utf8/ffi.lua , size = 2.529 KB
[15:23:07.047][info] [#0:script/workspace/loading.lua:112]: ++++As library of:	file:///home/adam/.dotfiles/nvim/.local/share/nvim/mason/packages/lua-language-server/libexec/meta/LuaJIT%20en-us%20utf8/ffi.lua
[15:23:07.048][info] [#0:script/workspace/loading.lua:100]: Preload file at: file:///home/adam/.dotfiles/nvim/.local/share/nvim/mason/packages/lua-language-server/libexec/meta/LuaJIT%20en-us%20utf8/jit/profile.lua , size = 0.348 KB
[15:23:07.048][info] [#0:script/workspace/loading.lua:112]: ++++As library of:	file:///home/adam/.dotfiles/nvim/.local/share/nvim/mason/packages/lua-language-server/libexec/meta/LuaJIT%20en-us%20utf8/jit/profile.lua
[15:23:07.048][info] [#0:script/workspace/loading.lua:100]: Preload file at: file:///home/adam/.dotfiles/nvim/.local/share/nvim/mason/packages/lua-language-server/libexec/meta/LuaJIT%20en-us%20utf8/package.lua , size = 2.699 KB
[15:23:07.049][info] [#0:script/workspace/loading.lua:112]: ++++As library of:	file:///home/adam/.dotfiles/nvim/.local/share/nvim/mason/packages/lua-language-server/libexec/meta/LuaJIT%20en-us%20utf8/package.lua
[15:23:07.049][info] [#0:script/workspace/loading.lua:100]: Preload file at: file:///home/adam/.dotfiles/nvim/.local/share/nvim/mason/packages/lua-language-server/libexec/meta/LuaJIT%20en-us%20utf8/jit.lua , size = 0.884 KB
[15:23:07.049][info] [#0:script/workspace/loading.lua:112]: ++++As library of:	file:///home/adam/.dotfiles/nvim/.local/share/nvim/mason/packages/lua-language-server/libexec/meta/LuaJIT%20en-us%20utf8/jit.lua
[15:23:07.049][info] [#0:script/workspace/loading.lua:100]: Preload file at: file:///home/adam/.dotfiles/nvim/.local/share/nvim/mason/packages/lua-language-server/libexec/meta/LuaJIT%20en-us%20utf8/os.lua , size = 5.611 KB
[15:23:07.051][info] [#0:script/workspace/loading.lua:112]: ++++As library of:	file:///home/adam/.dotfiles/nvim/.local/share/nvim/mason/packages/lua-language-server/libexec/meta/LuaJIT%20en-us%20utf8/os.lua
[15:23:07.051][info] [#0:script/workspace/loading.lua:100]: Preload file at: file:///home/adam/.dotfiles/nvim/.local/share/nvim/mason/packages/lua-language-server/libexec/meta/LuaJIT%20en-us%20utf8/math.lua , size = 7.982 KB
[15:23:07.053][info] [#0:script/workspace/loading.lua:112]: ++++As library of:	file:///home/adam/.dotfiles/nvim/.local/share/nvim/mason/packages/lua-language-server/libexec/meta/LuaJIT%20en-us%20utf8/math.lua
[15:23:07.154][info] [#0:script/workspace/loading.lua:172]: Loaded files takes [0.754] sec: file:///home/adam
[15:23:07.154][info] [#0:script/workspace/loading.lua:181]: Compile files takes [0.000] sec: file:///home/adam
[15:23:07.154][info] [#0:script/workspace/loading.lua:182]: Loaded finish:	file:///home/adam
[15:23:07.154][info] [#0:script/workspace/workspace.lua:381]: Preload finish at:	file:///home/adam
[15:23:07.176][warn] [#0:script/proto/proto.lua:189]: Method [textDocument/didOpen] takes [0.847]sec. {
  jsonrpc = "2.0",
  method = "textDocument/didOpen",
  params = {
    textDocument = {
      languageId = "lua",
      text = '"***"',
      uri = "file:///home/adam/kitty+page.lua",
      version = 0
    }
  }
}
[15:23:07.177][info] [#0:script/provider/diagnostic.lua:560]: Diagnostics scope [file:///home/adam], files count:[136]
[15:23:07.177][warn] [#0:script/proto/proto.lua:189]: Method [textDocument/inlayHint] takes [0.831]sec. {
  id = 7,
  jsonrpc = "2.0",
  method = "textDocument/inlayHint",
  params = {
    range = {
      end = {
        character = 0,
        line = 1
      },
      start = {
        character = 0,
        line = 0
      }
    },
    textDocument = {
      uri = "file:///home/adam/kitty+page.lua"
    }
  }
}
[15:23:07.178][warn] [#0:script/proto/proto.lua:189]: Method [textDocument/inlayHint] takes [0.831]sec. {
  id = 9,
  jsonrpc = "2.0",
  method = "textDocument/inlayHint",
  params = {
    range = {
      end = {
        character = 0,
        line = 1
      },
      start = {
        character = 0,
        line = 0
      }
    },
    textDocument = {
      uri = "file:///home/adam/kitty+page.lua"
    }
  }
}
[15:23:07.178][warn] [#0:script/proto/proto.lua:189]: Method [textDocument/inlayHint] takes [0.831]sec. {
  id = 11,
  jsonrpc = "2.0",
  method = "textDocument/inlayHint",
  params = {
    range = {
      end = {
        character = 0,
        line = 1
      },
      start = {
        character = 0,
        line = 0
      }
    },
    textDocument = {
      uri = "file:///home/adam/kitty+page.lua"
    }
  }
}
[15:23:07.178][warn] [#0:script/proto/proto.lua:189]: Method [textDocument/inlayHint] takes [0.830]sec. {
  id = 13,
  jsonrpc = "2.0",
  method = "textDocument/inlayHint",
  params = {
    range = {
      end = {
        character = 0,
        line = 1
      },
      start = {
        character = 0,
        line = 0
      }
    },
    textDocument = {
      uri = "file:///home/adam/kitty+page.lua"
    }
  }
}
[15:23:07.178][warn] [#0:script/proto/proto.lua:189]: Method [textDocument/inlayHint] takes [0.830]sec. {
  id = 15,
  jsonrpc = "2.0",
  method = "textDocument/inlayHint",
  params = {
    range = {
      end = {
        character = 0,
        line = 1
      },
      start = {
        character = 0,
        line = 0
      }
    },
    textDocument = {
      uri = "file:///home/adam/kitty+page.lua"
    }
  }
}
[15:23:07.178][warn] [#0:script/proto/proto.lua:189]: Method [textDocument/inlayHint] takes [0.819]sec. {
  id = 17,
  jsonrpc = "2.0",
  method = "textDocument/inlayHint",
  params = {
    range = {
      end = {
        character = 0,
        line = 1
      },
      start = {
        character = 0,
        line = 0
      }
    },
    textDocument = {
      uri = "file:///home/adam/kitty+page.lua"
    }
  }
}
[15:23:07.178][warn] [#0:script/proto/proto.lua:189]: Method [textDocument/semanticTokens/full] takes [0.819]sec. {
  id = 16,
  jsonrpc = "2.0",
  method = "textDocument/semanticTokens/full",
  params = {
    textDocument = {
      uri = "file:///home/adam/kitty+page.lua"
    }
  }
}
[15:23:07.178][warn] [#0:script/proto/proto.lua:189]: Method [textDocument/documentSymbol] takes [0.848]sec. {
  id = 5,
  jsonrpc = "2.0",
  method = "textDocument/documentSymbol",
  params = {
    textDocument = {
      uri = "file:///home/adam/kitty+page.lua"
    }
  }
}
[15:23:07.847][info] [#0:script/provider/diagnostic.lua:577]: Diagnostics scope [file:///home/adam] finished, takes [0.222] sec.
[15:23:37.967][warn] [#0:script/pub/report.lua:24]: Load proto error:	Disconnected!
